<?xml version="1.0" encoding="UTF-8"?>
<coverage generated="1786386652902" clover="3.2.0">
  <project timestamp="1786386652903" name="All files">
    <metrics statements="342" coveredstatements="256" conditionals="211" coveredconditionals="133" methods="53" coveredmethods="44" elements="606" coveredelements="433" complexity="0" loc="342" ncloc="342" packages="3" files="18" classes="18"/>
    <package name="models">
      <metrics statements="0" coveredstatements="0" conditionals="0" coveredconditionals="0" methods="0" coveredmethods="0"/>
      <file name="DestinoReserva.ts" path="/home/rodrigo/StockFlow/mobile/src/models/DestinoReserva.ts">
        <metrics statements="0" coveredstatements="0" conditionals="0" coveredconditionals="0" methods="0" coveredmethods="0"/>
      </file>
      <file name="GrupoProduto.ts" path="/home/rodrigo/StockFlow/mobile/src/models/GrupoProduto.ts">
        <metrics statements="0" coveredstatements="0" conditionals="0" coveredconditionals="0" methods="0" coveredmethods="0"/>
      </file>
      <file name="Local.ts" path="/home/rodrigo/StockFlow/mobile/src/models/Local.ts">
        <metrics statements="0" coveredstatements="0" conditionals="0" coveredconditionals="0" methods="0" coveredmethods="0"/>
      </file>
      <file name="Maquina.ts" path="/home/rodrigo/StockFlow/mobile/src/models/Maquina.ts">
        <metrics statements="0" coveredstatements="0" conditionals="0" coveredconditionals="0" methods="0" coveredmethods="0"/>
      </file>
      <file name="Movimentacao.ts" path="/home/rodrigo/StockFlow/mobile/src/models/Movimentacao.ts">
        <metrics statements="0" coveredstatements="0" conditionals="0" coveredconditionals="0" methods="0" coveredmethods="0"/>
      </file>
      <file name="MovimentoEstoquePrincipal.ts" path="/home/rodrigo/StockFlow/mobile/src/models/MovimentoEstoquePrincipal.ts">
        <metrics statements="0" coveredstatements="0" conditionals="0" coveredconditionals="0" methods="0" coveredmethods="0"/>
      </file>
      <file name="Produto.ts" path="/home/rodrigo/StockFlow/mobile/src/models/Produto.ts">
        <metrics statements="0" coveredstatements="0" conditionals="0" coveredconditionals="0" methods="0" coveredmethods="0"/>
      </file>
      <file name="Reserva.ts" path="/home/rodrigo/StockFlow/mobile/src/models/Reserva.ts">
        <metrics statements="0" coveredstatements="0" conditionals="0" coveredconditionals="0" methods="0" coveredmethods="0"/>
      </file>
      <file name="Usuario.ts" path="/home/rodrigo/StockFlow/mobile/src/models/Usuario.ts">
        <metrics statements="0" coveredstatements="0" conditionals="0" coveredconditionals="0" methods="0" coveredmethods="0"/>
      </file>
    </package>
    <package name="services">
      <metrics statements="322" coveredstatements="245" conditionals="196" coveredconditionals="127" methods="51" coveredmethods="42"/>
      <file name="AbastecimentoService.ts" path="/home/rodrigo/StockFlow/mobile/src/services/AbastecimentoService.ts">
        <metrics statements="51" coveredstatements="38" conditionals="30" coveredconditionals="19" methods="4" coveredmethods="2"/>
        <line num="19" count="11" type="cond" truecount="1" falsecount="1"/>
        <line num="22" count="0" type="stmt"/>
        <line num="27" count="11" type="cond" truecount="1" falsecount="1"/>
        <line num="31" count="0" type="stmt"/>
        <line num="36" count="11" type="cond" truecount="1" falsecount="1"/>
        <line num="40" count="0" type="stmt"/>
        <line num="46" count="11" type="stmt"/>
        <line num="49" count="11" type="stmt"/>
        <line num="54" count="11" type="stmt"/>
        <line num="59" count="14" type="cond" truecount="1" falsecount="1"/>
        <line num="62" count="0" type="stmt"/>
        <line num="68" count="14" type="stmt"/>
        <line num="72" count="14" type="cond" truecount="1" falsecount="1"/>
        <line num="73" count="0" type="stmt"/>
        <line num="78" count="14" type="cond" truecount="2" falsecount="0"/>
        <line num="82" count="1" type="stmt"/>
        <line num="88" count="13" type="stmt"/>
        <line num="92" count="13" type="cond" truecount="1" falsecount="1"/>
        <line num="93" count="0" type="stmt"/>
        <line num="98" count="13" type="cond" truecount="2" falsecount="0"/>
        <line num="104" count="1" type="stmt"/>
        <line num="110" count="12" type="stmt"/>
        <line num="112" count="12" type="cond" truecount="2" falsecount="0"/>
        <line num="117" count="1" type="stmt"/>
        <line num="122" count="11" type="stmt"/>
        <line num="127" count="11" type="cond" truecount="2" falsecount="0"/>
        <line num="131" count="11" type="stmt"/>
        <line num="139" count="8" type="stmt"/>
        <line num="144" count="8" type="stmt"/>
        <line num="153" count="10" type="stmt"/>
        <line num="160" count="10" type="stmt"/>
        <line num="168" count="10" type="stmt"/>
        <line num="177" count="10" type="stmt"/>
        <line num="184" count="10" type="stmt"/>
        <line num="187" count="10" type="cond" truecount="2" falsecount="0"/>
        <line num="192" count="3" type="stmt"/>
        <line num="198" count="5" type="stmt"/>
        <line num="206" count="7" type="stmt"/>
        <line num="212" count="7" type="stmt"/>
        <line num="222" count="5" type="stmt"/>
        <line num="231" count="0" type="stmt"/>
        <line num="234" count="0" type="stmt"/>
        <line num="244" count="13" type="cond" truecount="3" falsecount="5"/>
        <line num="247" count="10" type="stmt"/>
        <line num="250" count="0" type="stmt"/>
        <line num="253" count="2" type="stmt"/>
        <line num="256" count="1" type="stmt"/>
        <line num="259" count="0" type="stmt"/>
        <line num="262" count="0" type="stmt"/>
        <line num="265" count="0" type="stmt"/>
        <line num="268" count="0" type="stmt"/>
      </file>
      <file name="ConsumoCarrinhoService.ts" path="/home/rodrigo/StockFlow/mobile/src/services/ConsumoCarrinhoService.ts">
        <metrics statements="24" coveredstatements="20" conditionals="14" coveredconditionals="10" methods="2" coveredmethods="2"/>
        <line num="23" count="7" type="cond" truecount="1" falsecount="1"/>
        <line num="26" count="0" type="stmt"/>
        <line num="31" count="7" type="cond" truecount="1" falsecount="1"/>
        <line num="35" count="0" type="stmt"/>
        <line num="40" count="7" type="cond" truecount="1" falsecount="1"/>
        <line num="43" count="0" type="stmt"/>
        <line num="49" count="7" type="stmt"/>
        <line num="51" count="7" type="stmt"/>
        <line num="56" count="11" type="cond" truecount="2" falsecount="0"/>
        <line num="61" count="1" type="stmt"/>
        <line num="66" count="10" type="cond" truecount="1" falsecount="1"/>
        <line num="71" count="0" type="stmt"/>
        <line num="76" count="10" type="stmt"/>
        <line num="80" count="10" type="cond" truecount="2" falsecount="0"/>
        <line num="83" count="1" type="stmt"/>
        <line num="89" count="9" type="stmt"/>
        <line num="95" count="9" type="cond" truecount="2" falsecount="0"/>
        <line num="99" count="2" type="stmt"/>
        <line num="106" count="3" type="stmt"/>
        <line num="110" count="6" type="stmt"/>
        <line num="116" count="6" type="stmt"/>
        <line num="132" count="3" type="stmt"/>
        <line num="137" count="6" type="stmt"/>
        <line num="144" count="3" type="stmt"/>
      </file>
      <file name="DevolucaoEstoqueService.ts" path="/home/rodrigo/StockFlow/mobile/src/services/DevolucaoEstoqueService.ts">
        <metrics statements="51" coveredstatements="37" conditionals="26" coveredconditionals="16" methods="5" coveredmethods="2"/>
        <line num="19" count="6" type="cond" truecount="1" falsecount="1"/>
        <line num="22" count="0" type="stmt"/>
        <line num="27" count="6" type="cond" truecount="1" falsecount="1"/>
        <line num="31" count="0" type="stmt"/>
        <line num="36" count="6" type="cond" truecount="1" falsecount="1"/>
        <line num="40" count="0" type="stmt"/>
        <line num="45" count="6" type="cond" truecount="1" falsecount="1"/>
        <line num="49" count="0" type="stmt"/>
        <line num="54" count="6" type="cond" truecount="1" falsecount="1"/>
        <line num="58" count="0" type="stmt"/>
        <line num="64" count="6" type="stmt"/>
        <line num="66" count="6" type="stmt"/>
        <line num="71" count="7" type="cond" truecount="1" falsecount="1"/>
        <line num="76" count="0" type="stmt"/>
        <line num="81" count="7" type="stmt"/>
        <line num="85" count="7" type="cond" truecount="1" falsecount="1"/>
        <line num="88" count="0" type="stmt"/>
        <line num="94" count="7" type="stmt"/>
        <line num="101" count="7" type="cond" truecount="2" falsecount="0"/>
        <line num="105" count="2" type="stmt"/>
        <line num="111" count="5" type="stmt"/>
        <line num="114" count="5" type="stmt"/>
        <line num="116" count="5" type="stmt"/>
        <line num="121" count="4" type="cond" truecount="1" falsecount="1"/>
        <line num="124" count="0" type="stmt"/>
        <line num="129" count="4" type="cond" truecount="1" falsecount="1"/>
        <line num="134" count="0" type="stmt"/>
        <line num="139" count="4" type="stmt"/>
        <line num="144" count="4" type="stmt"/>
        <line num="152" count="4" type="cond" truecount="2" falsecount="0"/>
        <line num="156" count="1" type="stmt"/>
        <line num="161" count="3" type="stmt"/>
        <line num="166" count="4" type="stmt"/>
        <line num="169" count="4" type="cond" truecount="2" falsecount="0"/>
        <line num="172" count="1" type="stmt"/>
        <line num="178" count="3" type="stmt"/>
        <line num="184" count="3" type="cond" truecount="1" falsecount="1"/>
        <line num="188" count="0" type="stmt"/>
        <line num="194" count="2" type="stmt"/>
        <line num="200" count="2" type="stmt"/>
        <line num="202" count="3" type="stmt"/>
        <line num="208" count="2" type="stmt"/>
        <line num="211" count="2" type="stmt"/>
        <line num="217" count="2" type="stmt"/>
        <line num="223" count="2" type="stmt"/>
        <line num="228" count="3" type="stmt"/>
        <line num="239" count="2" type="stmt"/>
        <line num="248" count="0" type="stmt"/>
        <line num="252" count="0" type="stmt"/>
        <line num="257" count="0" type="stmt"/>
        <line num="262" count="0" type="stmt"/>
      </file>
      <file name="EstoqueService.ts" path="/home/rodrigo/StockFlow/mobile/src/services/EstoqueService.ts">
        <metrics statements="27" coveredstatements="18" conditionals="14" coveredconditionals="9" methods="7" coveredmethods="6"/>
        <line num="16" count="123" type="stmt"/>
        <line num="18" count="196" type="stmt"/>
        <line num="21" count="123" type="cond" truecount="2" falsecount="0"/>
        <line num="30" count="19" type="cond" truecount="1" falsecount="1"/>
        <line num="31" count="0" type="stmt"/>
        <line num="36" count="19" type="stmt"/>
        <line num="38" count="26" type="stmt"/>
        <line num="41" count="19" type="cond" truecount="2" falsecount="0"/>
        <line num="42" count="9" type="stmt"/>
        <line num="43" count="9" type="stmt"/>
        <line num="46" count="10" type="stmt"/>
        <line num="51" count="10" type="stmt"/>
        <line num="60" count="28" type="cond" truecount="1" falsecount="1"/>
        <line num="61" count="0" type="stmt"/>
        <line num="66" count="28" type="stmt"/>
        <line num="68" count="50" type="stmt"/>
        <line num="71" count="28" type="cond" truecount="1" falsecount="1"/>
        <line num="72" count="0" type="stmt"/>
        <line num="77" count="28" type="cond" truecount="2" falsecount="0"/>
        <line num="78" count="1" type="stmt"/>
        <line num="83" count="27" type="stmt"/>
        <line num="94" count="0" type="cond" truecount="0" falsecount="2"/>
        <line num="95" count="0" type="stmt"/>
        <line num="100" count="0" type="stmt"/>
        <line num="106" count="0" type="stmt"/>
        <line num="112" count="0" type="stmt"/>
        <line num="129" count="0" type="stmt"/>
      </file>
      <file name="MaquinaService.ts" path="/home/rodrigo/StockFlow/mobile/src/services/MaquinaService.ts">
        <metrics statements="10" coveredstatements="6" conditionals="2" coveredconditionals="0" methods="6" coveredmethods="5"/>
        <line num="14" count="4" type="stmt"/>
        <line num="257" count="15" type="stmt"/>
        <line num="259" count="237" type="stmt"/>
        <line num="267" count="19" type="stmt"/>
        <line num="269" count="361" type="stmt"/>
        <line num="278" count="18" type="stmt"/>
        <line num="289" count="0" type="stmt"/>
        <line num="293" count="0" type="cond" truecount="0" falsecount="2"/>
        <line num="294" count="0" type="stmt"/>
        <line num="297" count="0" type="stmt"/>
      </file>
      <file name="MovimentoEstoquePrincipalService.ts" path="/home/rodrigo/StockFlow/mobile/src/services/MovimentoEstoquePrincipalService.ts">
        <metrics statements="22" coveredstatements="20" conditionals="14" coveredconditionals="12" methods="2" coveredmethods="2"/>
        <line num="21" count="7" type="cond" truecount="1" falsecount="1"/>
        <line num="24" count="0" type="stmt"/>
        <line num="30" count="7" type="stmt"/>
        <line num="32" count="7" type="stmt"/>
        <line num="37" count="13" type="cond" truecount="2" falsecount="0"/>
        <line num="40" count="1" type="stmt"/>
        <line num="45" count="12" type="cond" truecount="1" falsecount="1"/>
        <line num="50" count="0" type="stmt"/>
        <line num="55" count="12" type="stmt"/>
        <line num="59" count="12" type="cond" truecount="2" falsecount="0"/>
        <line num="65" count="6" type="stmt"/>
        <line num="71" count="6" type="cond" truecount="2" falsecount="0"/>
        <line num="75" count="3" type="stmt"/>
        <line num="83" count="3" type="stmt"/>
        <line num="87" count="8" type="stmt"/>
        <line num="94" count="8" type="cond" truecount="2" falsecount="0"/>
        <line num="101" count="8" type="stmt"/>
        <line num="115" count="3" type="stmt"/>
        <line num="120" count="8" type="cond" truecount="2" falsecount="0"/>
        <line num="125" count="6" type="stmt"/>
        <line num="133" count="2" type="stmt"/>
        <line num="141" count="3" type="stmt"/>
      </file>
      <file name="ReservaService.ts" path="/home/rodrigo/StockFlow/mobile/src/services/ReservaService.ts">
        <metrics statements="111" coveredstatements="89" conditionals="80" coveredconditionals="52" methods="22" coveredmethods="22"/>
        <line num="20" count="119" type="stmt"/>
        <line num="33" count="30" type="cond" truecount="1" falsecount="1"/>
        <line num="36" count="0" type="stmt"/>
        <line num="39" count="30" type="stmt"/>
        <line num="62" count="24" type="cond" truecount="1" falsecount="1"/>
        <line num="64" count="0" type="stmt"/>
        <line num="69" count="24" type="cond" truecount="1" falsecount="1"/>
        <line num="74" count="0" type="stmt"/>
        <line num="79" count="24" type="cond" truecount="2" falsecount="0"/>
        <line num="83" count="1" type="stmt"/>
        <line num="88" count="23" type="cond" truecount="1" falsecount="1"/>
        <line num="93" count="0" type="stmt"/>
        <line num="98" count="23" type="cond" truecount="1" falsecount="1"/>
        <line num="104" count="0" type="stmt"/>
        <line num="109" count="23" type="cond" truecount="1" falsecount="1"/>
        <line num="114" count="0" type="stmt"/>
        <line num="119" count="23" type="cond" truecount="2" falsecount="0"/>
        <line num="126" count="2" type="stmt"/>
        <line num="132" count="21" type="stmt"/>
        <line num="136" count="21" type="cond" truecount="2" falsecount="0"/>
        <line num="142" count="3" type="stmt"/>
        <line num="148" count="18" type="stmt"/>
        <line num="154" count="18" type="cond" truecount="2" falsecount="0"/>
        <line num="159" count="1" type="stmt"/>
        <line num="164" count="17" type="stmt"/>
        <line num="167" count="17" type="stmt"/>
        <line num="170" count="17" type="stmt"/>
        <line num="173" count="17" type="stmt"/>
        <line num="180" count="17" type="stmt"/>
        <line num="192" count="1" type="stmt"/>
        <line num="194" count="1" type="stmt"/>
        <line num="198" count="1" type="cond" truecount="1" falsecount="1"/>
        <line num="200" count="0" type="stmt"/>
        <line num="205" count="1" type="cond" truecount="1" falsecount="1"/>
        <line num="210" count="0" type="stmt"/>
        <line num="215" count="1" type="cond" truecount="1" falsecount="1"/>
        <line num="220" count="0" type="stmt"/>
        <line num="226" count="1" type="stmt"/>
        <line num="230" count="1" type="stmt"/>
        <line num="236" count="1" type="stmt"/>
        <line num="243" count="1" type="stmt"/>
        <line num="251" count="92" type="stmt"/>
        <line num="267" count="47" type="stmt"/>
        <line num="270" count="56" type="cond" truecount="3" falsecount="0"/>
        <line num="279" count="39" type="stmt"/>
        <line num="294" count="27" type="stmt"/>
        <line num="297" count="55" type="cond" truecount="4" falsecount="0"/>
        <line num="308" count="26" type="stmt"/>
        <line num="322" count="35" type="cond" truecount="1" falsecount="1"/>
        <line num="323" count="0" type="stmt"/>
        <line num="327" count="35" type="cond" truecount="1" falsecount="1"/>
        <line num="329" count="39" type="stmt"/>
        <line num="334" count="35" type="stmt"/>
        <line num="340" count="35" type="stmt"/>
        <line num="356" count="8" type="stmt"/>
        <line num="359" count="8" type="stmt"/>
        <line num="362" count="8" type="stmt"/>
        <line num="364" count="18" type="cond" truecount="4" falsecount="0"/>
        <line num="374" count="8" type="stmt"/>
        <line num="379" count="8" type="cond" truecount="1" falsecount="1"/>
        <line num="382" count="0" type="stmt"/>
        <line num="386" count="8" type="stmt"/>
        <line num="391" count="8" type="stmt"/>
        <line num="396" count="8" type="cond" truecount="1" falsecount="1"/>
        <line num="399" count="0" type="stmt"/>
        <line num="402" count="8" type="stmt"/>
        <line num="405" count="8" type="stmt"/>
        <line num="408" count="8" type="stmt"/>
        <line num="411" count="8" type="stmt"/>
        <line num="418" count="8" type="cond" truecount="2" falsecount="0"/>
        <line num="424" count="1" type="stmt"/>
        <line num="427" count="1" type="stmt"/>
        <line num="436" count="8" type="stmt"/>
        <line num="447" count="3" type="cond" truecount="1" falsecount="1"/>
        <line num="450" count="0" type="stmt"/>
        <line num="454" count="3" type="stmt"/>
        <line num="457" count="3" type="stmt"/>
        <line num="460" count="3" type="stmt"/>
        <line num="462" count="7" type="cond" truecount="4" falsecount="0"/>
        <line num="472" count="3" type="stmt"/>
        <line num="477" count="3" type="cond" truecount="1" falsecount="1"/>
        <line num="480" count="0" type="stmt"/>
        <line num="484" count="3" type="stmt"/>
        <line num="489" count="3" type="stmt"/>
        <line num="494" count="3" type="cond" truecount="1" falsecount="1"/>
        <line num="497" count="0" type="stmt"/>
        <line num="500" count="3" type="stmt"/>
        <line num="506" count="3" type="stmt"/>
        <line num="509" count="3" type="stmt"/>
        <line num="512" count="3" type="stmt"/>
        <line num="519" count="3" type="cond" truecount="1" falsecount="1"/>
        <line num="525" count="0" type="stmt"/>
        <line num="530" count="3" type="stmt"/>
        <line num="537" count="8" type="cond" truecount="3" falsecount="7"/>
        <line num="540" count="1" type="stmt"/>
        <line num="543" count="0" type="stmt"/>
        <line num="546" count="0" type="stmt"/>
        <line num="555" count="7" type="stmt"/>
        <line num="559" count="0" type="stmt"/>
        <line num="569" count="23" type="cond" truecount="2" falsecount="0"/>
        <line num="574" count="22" type="stmt"/>
        <line num="581" count="1" type="cond" truecount="1" falsecount="1"/>
        <line num="586" count="1" type="stmt"/>
        <line num="593" count="0" type="stmt"/>
        <line num="600" count="21" type="cond" truecount="3" falsecount="2"/>
        <line num="604" count="5" type="stmt"/>
        <line num="613" count="0" type="stmt"/>
        <line num="624" count="15" type="stmt"/>
        <line num="631" count="1" type="stmt"/>
        <line num="637" count="0" type="stmt"/>
        <line num="646" count="23" type="stmt"/>
      </file>
      <file name="RetiradaEstoqueService.ts" path="/home/rodrigo/StockFlow/mobile/src/services/RetiradaEstoqueService.ts">
        <metrics statements="26" coveredstatements="17" conditionals="16" coveredconditionals="9" methods="3" coveredmethods="1"/>
        <line num="16" count="4" type="cond" truecount="1" falsecount="1"/>
        <line num="17" count="0" type="stmt"/>
        <line num="22" count="4" type="cond" truecount="1" falsecount="1"/>
        <line num="26" count="0" type="stmt"/>
        <line num="31" count="4" type="cond" truecount="1" falsecount="1"/>
        <line num="35" count="0" type="stmt"/>
        <line num="40" count="4" type="cond" truecount="1" falsecount="1"/>
        <line num="44" count="0" type="stmt"/>
        <line num="49" count="4" type="cond" truecount="1" falsecount="1"/>
        <line num="50" count="0" type="stmt"/>
        <line num="56" count="4" type="stmt"/>
        <line num="59" count="4" type="stmt"/>
        <line num="61" count="11" type="cond" truecount="1" falsecount="1"/>
        <line num="62" count="0" type="stmt"/>
        <line num="67" count="11" type="cond" truecount="1" falsecount="1"/>
        <line num="72" count="0" type="stmt"/>
        <line num="77" count="11" type="stmt"/>
        <line num="82" count="11" type="stmt"/>
        <line num="87" count="11" type="cond" truecount="2" falsecount="0"/>
        <line num="91" count="1" type="stmt"/>
        <line num="98" count="3" type="stmt"/>
        <line num="100" count="9" type="stmt"/>
        <line num="106" count="9" type="stmt"/>
        <line num="113" count="3" type="stmt"/>
        <line num="122" count="0" type="stmt"/>
        <line num="124" count="0" type="stmt"/>
      </file>
    </package>
    <package name="utils">
      <metrics statements="20" coveredstatements="11" conditionals="15" coveredconditionals="6" methods="2" coveredmethods="2"/>
      <file name="ProdutoUtils.ts" path="/home/rodrigo/StockFlow/mobile/src/utils/ProdutoUtils.ts">
        <metrics statements="20" coveredstatements="11" conditionals="15" coveredconditionals="6" methods="2" coveredmethods="2"/>
        <line num="4" count="4" type="stmt"/>
        <line num="14" count="4" type="stmt"/>
        <line num="22" count="4" type="stmt"/>
        <line num="31" count="12" type="cond" truecount="2" falsecount="0"/>
        <line num="36" count="7" type="stmt"/>
        <line num="39" count="5" type="stmt"/>
        <line num="46" count="4" type="cond" truecount="4" falsecount="9"/>
        <line num="49" count="1" type="stmt"/>
        <line num="52" count="0" type="stmt"/>
        <line num="55" count="0" type="stmt"/>
        <line num="58" count="0" type="stmt"/>
        <line num="61" count="0" type="stmt"/>
        <line num="64" count="0" type="stmt"/>
        <line num="67" count="0" type="stmt"/>
        <line num="70" count="1" type="stmt"/>
        <line num="73" count="1" type="stmt"/>
        <line num="76" count="0" type="stmt"/>
        <line num="79" count="0" type="stmt"/>
        <line num="82" count="1" type="stmt"/>
        <line num="85" count="0" type="stmt"/>
      </file>
    </package>
  </project>
</coverage>
