{"/home/rodrigo/StockFlow/mobile/src/models/DestinoReserva.ts": {"path":"/home/rodrigo/StockFlow/mobile/src/models/DestinoReserva.ts","statementMap":{},"fnMap":{},"branchMap":{},"s":{},"f":{},"b":{},"_coverageSchema":"1a1c01bbd47fc00a2c39e90264f33305004495a9","hash":"e02f58fb571f86289c530f95e5fde183318dd38f"}
,"/home/rodrigo/StockFlow/mobile/src/models/GrupoProduto.ts": {"path":"/home/rodrigo/StockFlow/mobile/src/models/GrupoProduto.ts","statementMap":{},"fnMap":{},"branchMap":{},"s":{},"f":{},"b":{},"_coverageSchema":"1a1c01bbd47fc00a2c39e90264f33305004495a9","hash":"154e97c0cd47192389b179b2dc5cda3e1fa67a38"}
,"/home/rodrigo/StockFlow/mobile/src/models/Local.ts": {"path":"/home/rodrigo/StockFlow/mobile/src/models/Local.ts","statementMap":{},"fnMap":{},"branchMap":{},"s":{},"f":{},"b":{},"_coverageSchema":"1a1c01bbd47fc00a2c39e90264f33305004495a9","hash":"26d74b187ac7e67e79889f74c46996675b3869c2"}
,"/home/rodrigo/StockFlow/mobile/src/models/Maquina.ts": {"path":"/home/rodrigo/StockFlow/mobile/src/models/Maquina.ts","statementMap":{},"fnMap":{},"branchMap":{},"s":{},"f":{},"b":{},"_coverageSchema":"1a1c01bbd47fc00a2c39e90264f33305004495a9","hash":"221e04f3ace6091e74081c1df3bef83982e893d9"}
,"/home/rodrigo/StockFlow/mobile/src/models/Movimentacao.ts": {"path":"/home/rodrigo/StockFlow/mobile/src/models/Movimentacao.ts","statementMap":{},"fnMap":{},"branchMap":{},"s":{},"f":{},"b":{},"_coverageSchema":"1a1c01bbd47fc00a2c39e90264f33305004495a9","hash":"64fa2b69d4382aaa71254c7265c394dd47a42ac8"}
,"/home/rodrigo/StockFlow/mobile/src/models/MovimentoEstoquePrincipal.ts": {"path":"/home/rodrigo/StockFlow/mobile/src/models/MovimentoEstoquePrincipal.ts","statementMap":{},"fnMap":{},"branchMap":{},"s":{},"f":{},"b":{},"_coverageSchema":"1a1c01bbd47fc00a2c39e90264f33305004495a9","hash":"679f3d416782a46a09d52dcd6b2e38133a8e6f47"}
,"/home/rodrigo/StockFlow/mobile/src/models/Produto.ts": {"path":"/home/rodrigo/StockFlow/mobile/src/models/Produto.ts","statementMap":{},"fnMap":{},"branchMap":{},"s":{},"f":{},"b":{},"_coverageSchema":"1a1c01bbd47fc00a2c39e90264f33305004495a9","hash":"748379e32fbbeb0c206c23d62764b270a4c5ac8e"}
,"/home/rodrigo/StockFlow/mobile/src/models/Reserva.ts": {"path":"/home/rodrigo/StockFlow/mobile/src/models/Reserva.ts","statementMap":{},"fnMap":{},"branchMap":{},"s":{},"f":{},"b":{},"_coverageSchema":"1a1c01bbd47fc00a2c39e90264f33305004495a9","hash":"b18a262917d30cb378ecfd7c80365d5b3bafa36f"}
,"/home/rodrigo/StockFlow/mobile/src/models/Usuario.ts": {"path":"/home/rodrigo/StockFlow/mobile/src/models/Usuario.ts","statementMap":{},"fnMap":{},"branchMap":{},"s":{},"f":{},"b":{},"_coverageSchema":"1a1c01bbd47fc00a2c39e90264f33305004495a9","hash":"8e42cac99d4990e3b5eed9936131092879f97cdb"}
,"/home/rodrigo/StockFlow/mobile/src/services/AbastecimentoService.ts": {"path":"/home/rodrigo/StockFlow/mobile/src/services/AbastecimentoService.ts","statementMap":{"0":{"start":{"line":19,"column":8},"end":{"line":25,"column":9}},"1":{"start":{"line":22,"column":12},"end":{"line":24,"column":14}},"2":{"start":{"line":27,"column":8},"end":{"line":34,"column":9}},"3":{"start":{"line":31,"column":12},"end":{"line":33,"column":14}},"4":{"start":{"line":36,"column":8},"end":{"line":43,"column":9}},"5":{"start":{"line":40,"column":12},"end":{"line":42,"column":14}},"6":{"start":{"line":46,"column":12},"end":{"line":46,"column":29}},"7":{"start":{"line":49,"column":12},"end":{"line":52,"column":15}},"8":{"start":{"line":54,"column":8},"end":{"line":136,"column":9}},"9":{"start":{"line":59,"column":12},"end":{"line":65,"column":13}},"10":{"start":{"line":62,"column":16},"end":{"line":64,"column":18}},"11":{"start":{"line":68,"column":16},"end":{"line":70,"column":17}},"12":{"start":{"line":72,"column":12},"end":{"line":76,"column":13}},"13":{"start":{"line":73,"column":16},"end":{"line":75,"column":18}},"14":{"start":{"line":78,"column":12},"end":{"line":85,"column":13}},"15":{"start":{"line":82,"column":16},"end":{"line":84,"column":18}},"16":{"start":{"line":88,"column":16},"end":{"line":90,"column":17}},"17":{"start":{"line":92,"column":12},"end":{"line":96,"column":13}},"18":{"start":{"line":93,"column":16},"end":{"line":95,"column":18}},"19":{"start":{"line":98,"column":12},"end":{"line":107,"column":13}},"20":{"start":{"line":104,"column":16},"end":{"line":106,"column":18}},"21":{"start":{"line":110,"column":16},"end":{"line":110,"column":53}},"22":{"start":{"line":112,"column":12},"end":{"line":120,"column":13}},"23":{"start":{"line":117,"column":16},"end":{"line":119,"column":18}},"24":{"start":{"line":122,"column":12},"end":{"line":124,"column":14}},"25":{"start":{"line":127,"column":16},"end":{"line":129,"column":22}},"26":{"start":{"line":131,"column":12},"end":{"line":135,"column":14}},"27":{"start":{"line":139,"column":12},"end":{"line":142,"column":17}},"28":{"start":{"line":144,"column":8},"end":{"line":196,"column":9}},"29":{"start":{"line":153,"column":16},"end":{"line":157,"column":21}},"30":{"start":{"line":160,"column":16},"end":{"line":165,"column":21}},"31":{"start":{"line":168,"column":16},"end":{"line":174,"column":21}},"32":{"start":{"line":177,"column":16},"end":{"line":181,"column":17}},"33":{"start":{"line":184,"column":16},"end":{"line":185,"column":36}},"34":{"start":{"line":187,"column":12},"end":{"line":195,"column":13}},"35":{"start":{"line":192,"column":16},"end":{"line":194,"column":18}},"36":{"start":{"line":198,"column":8},"end":{"line":220,"column":9}},"37":{"start":{"line":206,"column":12},"end":{"line":210,"column":14}},"38":{"start":{"line":212,"column":12},"end":{"line":219,"column":18}},"39":{"start":{"line":222,"column":8},"end":{"line":224,"column":10}},"40":{"start":{"line":231,"column":8},"end":{"line":237,"column":14}},"41":{"start":{"line":234,"column":20},"end":{"line":235,"column":35}},"42":{"start":{"line":244,"column":8},"end":{"line":269,"column":9}},"43":{"start":{"line":247,"column":16},"end":{"line":247,"column":44}},"44":{"start":{"line":250,"column":16},"end":{"line":250,"column":52}},"45":{"start":{"line":253,"column":16},"end":{"line":253,"column":50}},"46":{"start":{"line":256,"column":16},"end":{"line":256,"column":44}},"47":{"start":{"line":259,"column":16},"end":{"line":259,"column":47}},"48":{"start":{"line":262,"column":16},"end":{"line":262,"column":48}},"49":{"start":{"line":265,"column":16},"end":{"line":265,"column":47}},"50":{"start":{"line":268,"column":16},"end":{"line":268,"column":28}}},"fnMap":{"0":{"name":"(anonymous_0)","decl":{"start":{"line":12,"column":4},"end":{"line":12,"column":5}},"loc":{"start":{"line":17,"column":12},"end":{"line":225,"column":5}},"line":17},"1":{"name":"(anonymous_1)","decl":{"start":{"line":227,"column":4},"end":{"line":227,"column":5}},"loc":{"start":{"line":229,"column":14},"end":{"line":238,"column":5}},"line":229},"2":{"name":"(anonymous_2)","decl":{"start":{"line":233,"column":16},"end":{"line":233,"column":17}},"loc":{"start":{"line":234,"column":20},"end":{"line":235,"column":35}},"line":234},"3":{"name":"(anonymous_3)","decl":{"start":{"line":240,"column":4},"end":{"line":240,"column":5}},"loc":{"start":{"line":242,"column":31},"end":{"line":270,"column":5}},"line":242}},"branchMap":{"0":{"loc":{"start":{"line":19,"column":8},"end":{"line":25,"column":9}},"type":"if","locations":[{"start":{"line":19,"column":8},"end":{"line":25,"column":9}},{"start":{},"end":{}}],"line":19},"1":{"loc":{"start":{"line":27,"column":8},"end":{"line":34,"column":9}},"type":"if","locations":[{"start":{"line":27,"column":8},"end":{"line":34,"column":9}},{"start":{},"end":{}}],"line":27},"2":{"loc":{"start":{"line":36,"column":8},"end":{"line":43,"column":9}},"type":"if","locations":[{"start":{"line":36,"column":8},"end":{"line":43,"column":9}},{"start":{},"end":{}}],"line":36},"3":{"loc":{"start":{"line":59,"column":12},"end":{"line":65,"column":13}},"type":"if","locations":[{"start":{"line":59,"column":12},"end":{"line":65,"column":13}},{"start":{},"end":{}}],"line":59},"4":{"loc":{"start":{"line":72,"column":12},"end":{"line":76,"column":13}},"type":"if","locations":[{"start":{"line":72,"column":12},"end":{"line":76,"column":13}},{"start":{},"end":{}}],"line":72},"5":{"loc":{"start":{"line":78,"column":12},"end":{"line":85,"column":13}},"type":"if","locations":[{"start":{"line":78,"column":12},"end":{"line":85,"column":13}},{"start":{},"end":{}}],"line":78},"6":{"loc":{"start":{"line":92,"column":12},"end":{"line":96,"column":13}},"type":"if","locations":[{"start":{"line":92,"column":12},"end":{"line":96,"column":13}},{"start":{},"end":{}}],"line":92},"7":{"loc":{"start":{"line":98,"column":12},"end":{"line":107,"column":13}},"type":"if","locations":[{"start":{"line":98,"column":12},"end":{"line":107,"column":13}},{"start":{},"end":{}}],"line":98},"8":{"loc":{"start":{"line":112,"column":12},"end":{"line":120,"column":13}},"type":"if","locations":[{"start":{"line":112,"column":12},"end":{"line":120,"column":13}},{"start":{},"end":{}}],"line":112},"9":{"loc":{"start":{"line":127,"column":16},"end":{"line":129,"column":22}},"type":"binary-expr","locations":[{"start":{"line":127,"column":16},"end":{"line":129,"column":17}},{"start":{"line":129,"column":21},"end":{"line":129,"column":22}}],"line":127},"10":{"loc":{"start":{"line":187,"column":12},"end":{"line":195,"column":13}},"type":"if","locations":[{"start":{"line":187,"column":12},"end":{"line":195,"column":13}},{"start":{},"end":{}}],"line":187},"11":{"loc":{"start":{"line":244,"column":8},"end":{"line":269,"column":9}},"type":"switch","locations":[{"start":{"line":246,"column":12},"end":{"line":247,"column":44}},{"start":{"line":249,"column":12},"end":{"line":250,"column":52}},{"start":{"line":252,"column":12},"end":{"line":253,"column":50}},{"start":{"line":255,"column":12},"end":{"line":256,"column":44}},{"start":{"line":258,"column":12},"end":{"line":259,"column":47}},{"start":{"line":261,"column":12},"end":{"line":262,"column":48}},{"start":{"line":264,"column":12},"end":{"line":265,"column":47}},{"start":{"line":267,"column":12},"end":{"line":268,"column":28}}],"line":244}},"s":{"0":11,"1":0,"2":11,"3":0,"4":11,"5":0,"6":11,"7":11,"8":11,"9":14,"10":0,"11":14,"12":14,"13":0,"14":14,"15":1,"16":13,"17":13,"18":0,"19":13,"20":1,"21":12,"22":12,"23":1,"24":11,"25":11,"26":11,"27":8,"28":8,"29":10,"30":10,"31":10,"32":10,"33":10,"34":10,"35":3,"36":5,"37":7,"38":7,"39":5,"40":0,"41":0,"42":13,"43":10,"44":0,"45":2,"46":1,"47":0,"48":0,"49":0,"50":0},"f":{"0":11,"1":0,"2":0,"3":13},"b":{"0":[0,11],"1":[0,11],"2":[0,11],"3":[0,14],"4":[0,14],"5":[1,13],"6":[0,13],"7":[1,12],"8":[1,11],"9":[11,11],"10":[3,7],"11":[10,0,2,1,0,0,0,0]},"_coverageSchema":"1a1c01bbd47fc00a2c39e90264f33305004495a9","hash":"a09bb733b85e05450c1a22d60c1b34f01ec20423"}
,"/home/rodrigo/StockFlow/mobile/src/services/ConsumoCarrinhoService.ts": {"path":"/home/rodrigo/StockFlow/mobile/src/services/ConsumoCarrinhoService.ts","statementMap":{"0":{"start":{"line":23,"column":8},"end":{"line":29,"column":9}},"1":{"start":{"line":26,"column":12},"end":{"line":28,"column":14}},"2":{"start":{"line":31,"column":8},"end":{"line":38,"column":9}},"3":{"start":{"line":35,"column":12},"end":{"line":37,"column":14}},"4":{"start":{"line":40,"column":8},"end":{"line":46,"column":9}},"5":{"start":{"line":43,"column":12},"end":{"line":45,"column":14}},"6":{"start":{"line":49,"column":12},"end":{"line":49,"column":32}},"7":{"start":{"line":51,"column":8},"end":{"line":103,"column":9}},"8":{"start":{"line":56,"column":12},"end":{"line":64,"column":13}},"9":{"start":{"line":61,"column":16},"end":{"line":63,"column":18}},"10":{"start":{"line":66,"column":12},"end":{"line":74,"column":13}},"11":{"start":{"line":71,"column":16},"end":{"line":73,"column":18}},"12":{"start":{"line":76,"column":12},"end":{"line":78,"column":14}},"13":{"start":{"line":80,"column":12},"end":{"line":86,"column":13}},"14":{"start":{"line":83,"column":16},"end":{"line":85,"column":18}},"15":{"start":{"line":89,"column":16},"end":{"line":93,"column":21}},"16":{"start":{"line":95,"column":12},"end":{"line":102,"column":13}},"17":{"start":{"line":99,"column":16},"end":{"line":101,"column":18}},"18":{"start":{"line":106,"column":12},"end":{"line":130,"column":13}},"19":{"start":{"line":110,"column":24},"end":{"line":114,"column":29}},"20":{"start":{"line":116,"column":20},"end":{"line":128,"column":22}},"21":{"start":{"line":132,"column":8},"end":{"line":142,"column":9}},"22":{"start":{"line":137,"column":12},"end":{"line":141,"column":14}},"23":{"start":{"line":144,"column":8},"end":{"line":159,"column":11}}},"fnMap":{"0":{"name":"(anonymous_0)","decl":{"start":{"line":17,"column":4},"end":{"line":17,"column":5}},"loc":{"start":{"line":21,"column":12},"end":{"line":160,"column":5}},"line":21},"1":{"name":"(anonymous_1)","decl":{"start":{"line":107,"column":16},"end":{"line":107,"column":17}},"loc":{"start":{"line":107,"column":26},"end":{"line":129,"column":17}},"line":107}},"branchMap":{"0":{"loc":{"start":{"line":23,"column":8},"end":{"line":29,"column":9}},"type":"if","locations":[{"start":{"line":23,"column":8},"end":{"line":29,"column":9}},{"start":{},"end":{}}],"line":23},"1":{"loc":{"start":{"line":31,"column":8},"end":{"line":38,"column":9}},"type":"if","locations":[{"start":{"line":31,"column":8},"end":{"line":38,"column":9}},{"start":{},"end":{}}],"line":31},"2":{"loc":{"start":{"line":40,"column":8},"end":{"line":46,"column":9}},"type":"if","locations":[{"start":{"line":40,"column":8},"end":{"line":46,"column":9}},{"start":{},"end":{}}],"line":40},"3":{"loc":{"start":{"line":56,"column":12},"end":{"line":64,"column":13}},"type":"if","locations":[{"start":{"line":56,"column":12},"end":{"line":64,"column":13}},{"start":{},"end":{}}],"line":56},"4":{"loc":{"start":{"line":66,"column":12},"end":{"line":74,"column":13}},"type":"if","locations":[{"start":{"line":66,"column":12},"end":{"line":74,"column":13}},{"start":{},"end":{}}],"line":66},"5":{"loc":{"start":{"line":80,"column":12},"end":{"line":86,"column":13}},"type":"if","locations":[{"start":{"line":80,"column":12},"end":{"line":86,"column":13}},{"start":{},"end":{}}],"line":80},"6":{"loc":{"start":{"line":95,"column":12},"end":{"line":102,"column":13}},"type":"if","locations":[{"start":{"line":95,"column":12},"end":{"line":102,"column":13}},{"start":{},"end":{}}],"line":95}},"s":{"0":7,"1":0,"2":7,"3":0,"4":7,"5":0,"6":7,"7":7,"8":11,"9":1,"10":10,"11":0,"12":10,"13":10,"14":1,"15":9,"16":9,"17":2,"18":3,"19":6,"20":6,"21":3,"22":6,"23":3},"f":{"0":7,"1":6},"b":{"0":[0,7],"1":[0,7],"2":[0,7],"3":[1,10],"4":[0,10],"5":[1,9],"6":[2,7]},"_coverageSchema":"1a1c01bbd47fc00a2c39e90264f33305004495a9","hash":"445664e10e4a221622cf23b52dac63cf46ec1aa7"}
,"/home/rodrigo/StockFlow/mobile/src/services/DevolucaoEstoqueService.ts": {"path":"/home/rodrigo/StockFlow/mobile/src/services/DevolucaoEstoqueService.ts","statementMap":{"0":{"start":{"line":19,"column":8},"end":{"line":25,"column":9}},"1":{"start":{"line":22,"column":12},"end":{"line":24,"column":14}},"2":{"start":{"line":27,"column":8},"end":{"line":34,"column":9}},"3":{"start":{"line":31,"column":12},"end":{"line":33,"column":14}},"4":{"start":{"line":36,"column":8},"end":{"line":43,"column":9}},"5":{"start":{"line":40,"column":12},"end":{"line":42,"column":14}},"6":{"start":{"line":45,"column":8},"end":{"line":52,"column":9}},"7":{"start":{"line":49,"column":12},"end":{"line":51,"column":14}},"8":{"start":{"line":54,"column":8},"end":{"line":61,"column":9}},"9":{"start":{"line":58,"column":12},"end":{"line":60,"column":14}},"10":{"start":{"line":64,"column":12},"end":{"line":64,"column":32}},"11":{"start":{"line":66,"column":8},"end":{"line":192,"column":9}},"12":{"start":{"line":71,"column":12},"end":{"line":79,"column":13}},"13":{"start":{"line":76,"column":16},"end":{"line":78,"column":18}},"14":{"start":{"line":81,"column":12},"end":{"line":83,"column":14}},"15":{"start":{"line":85,"column":12},"end":{"line":91,"column":13}},"16":{"start":{"line":88,"column":16},"end":{"line":90,"column":18}},"17":{"start":{"line":94,"column":16},"end":{"line":99,"column":21}},"18":{"start":{"line":101,"column":12},"end":{"line":108,"column":13}},"19":{"start":{"line":105,"column":16},"end":{"line":107,"column":18}},"20":{"start":{"line":111,"column":16},"end":{"line":111,"column":33}},"21":{"start":{"line":114,"column":16},"end":{"line":114,"column":17}},"22":{"start":{"line":116,"column":12},"end":{"line":163,"column":13}},"23":{"start":{"line":121,"column":16},"end":{"line":127,"column":17}},"24":{"start":{"line":124,"column":20},"end":{"line":126,"column":22}},"25":{"start":{"line":129,"column":16},"end":{"line":137,"column":17}},"26":{"start":{"line":134,"column":20},"end":{"line":136,"column":22}},"27":{"start":{"line":139,"column":16},"end":{"line":141,"column":18}},"28":{"start":{"line":144,"column":20},"end":{"line":150,"column":25}},"29":{"start":{"line":152,"column":16},"end":{"line":159,"column":17}},"30":{"start":{"line":156,"column":20},"end":{"line":158,"column":22}},"31":{"start":{"line":161,"column":16},"end":{"line":162,"column":39}},"32":{"start":{"line":166,"column":16},"end":{"line":167,"column":30}},"33":{"start":{"line":169,"column":12},"end":{"line":175,"column":13}},"34":{"start":{"line":172,"column":16},"end":{"line":174,"column":18}},"35":{"start":{"line":178,"column":16},"end":{"line":182,"column":21}},"36":{"start":{"line":184,"column":12},"end":{"line":191,"column":13}},"37":{"start":{"line":188,"column":16},"end":{"line":190,"column":18}},"38":{"start":{"line":194,"column":8},"end":{"line":237,"column":9}},"39":{"start":{"line":200,"column":16},"end":{"line":205,"column":17}},"40":{"start":{"line":202,"column":24},"end":{"line":203,"column":42}},"41":{"start":{"line":208,"column":16},"end":{"line":209,"column":25}},"42":{"start":{"line":211,"column":12},"end":{"line":215,"column":14}},"43":{"start":{"line":217,"column":12},"end":{"line":221,"column":14}},"44":{"start":{"line":223,"column":12},"end":{"line":236,"column":13}},"45":{"start":{"line":228,"column":16},"end":{"line":235,"column":22}},"46":{"start":{"line":239,"column":8},"end":{"line":241,"column":10}},"47":{"start":{"line":248,"column":8},"end":{"line":269,"column":10}},"48":{"start":{"line":252,"column":20},"end":{"line":260,"column":21}},"49":{"start":{"line":257,"column":28},"end":{"line":258,"column":46}},"50":{"start":{"line":262,"column":16},"end":{"line":266,"column":18}}},"fnMap":{"0":{"name":"(anonymous_0)","decl":{"start":{"line":11,"column":4},"end":{"line":11,"column":5}},"loc":{"start":{"line":17,"column":12},"end":{"line":242,"column":5}},"line":17},"1":{"name":"(anonymous_1)","decl":{"start":{"line":201,"column":20},"end":{"line":201,"column":21}},"loc":{"start":{"line":202,"column":24},"end":{"line":203,"column":42}},"line":202},"2":{"name":"(anonymous_2)","decl":{"start":{"line":244,"column":4},"end":{"line":244,"column":5}},"loc":{"start":{"line":246,"column":14},"end":{"line":270,"column":5}},"line":246},"3":{"name":"(anonymous_3)","decl":{"start":{"line":249,"column":12},"end":{"line":249,"column":13}},"loc":{"start":{"line":249,"column":29},"end":{"line":267,"column":13}},"line":249},"4":{"name":"(anonymous_4)","decl":{"start":{"line":253,"column":24},"end":{"line":253,"column":25}},"loc":{"start":{"line":257,"column":28},"end":{"line":258,"column":46}},"line":257}},"branchMap":{"0":{"loc":{"start":{"line":19,"column":8},"end":{"line":25,"column":9}},"type":"if","locations":[{"start":{"line":19,"column":8},"end":{"line":25,"column":9}},{"start":{},"end":{}}],"line":19},"1":{"loc":{"start":{"line":27,"column":8},"end":{"line":34,"column":9}},"type":"if","locations":[{"start":{"line":27,"column":8},"end":{"line":34,"column":9}},{"start":{},"end":{}}],"line":27},"2":{"loc":{"start":{"line":36,"column":8},"end":{"line":43,"column":9}},"type":"if","locations":[{"start":{"line":36,"column":8},"end":{"line":43,"column":9}},{"start":{},"end":{}}],"line":36},"3":{"loc":{"start":{"line":45,"column":8},"end":{"line":52,"column":9}},"type":"if","locations":[{"start":{"line":45,"column":8},"end":{"line":52,"column":9}},{"start":{},"end":{}}],"line":45},"4":{"loc":{"start":{"line":54,"column":8},"end":{"line":61,"column":9}},"type":"if","locations":[{"start":{"line":54,"column":8},"end":{"line":61,"column":9}},{"start":{},"end":{}}],"line":54},"5":{"loc":{"start":{"line":71,"column":12},"end":{"line":79,"column":13}},"type":"if","locations":[{"start":{"line":71,"column":12},"end":{"line":79,"column":13}},{"start":{},"end":{}}],"line":71},"6":{"loc":{"start":{"line":85,"column":12},"end":{"line":91,"column":13}},"type":"if","locations":[{"start":{"line":85,"column":12},"end":{"line":91,"column":13}},{"start":{},"end":{}}],"line":85},"7":{"loc":{"start":{"line":101,"column":12},"end":{"line":108,"column":13}},"type":"if","locations":[{"start":{"line":101,"column":12},"end":{"line":108,"column":13}},{"start":{},"end":{}}],"line":101},"8":{"loc":{"start":{"line":121,"column":16},"end":{"line":127,"column":17}},"type":"if","locations":[{"start":{"line":121,"column":16},"end":{"line":127,"column":17}},{"start":{},"end":{}}],"line":121},"9":{"loc":{"start":{"line":129,"column":16},"end":{"line":137,"column":17}},"type":"if","locations":[{"start":{"line":129,"column":16},"end":{"line":137,"column":17}},{"start":{},"end":{}}],"line":129},"10":{"loc":{"start":{"line":152,"column":16},"end":{"line":159,"column":17}},"type":"if","locations":[{"start":{"line":152,"column":16},"end":{"line":159,"column":17}},{"start":{},"end":{}}],"line":152},"11":{"loc":{"start":{"line":169,"column":12},"end":{"line":175,"column":13}},"type":"if","locations":[{"start":{"line":169,"column":12},"end":{"line":175,"column":13}},{"start":{},"end":{}}],"line":169},"12":{"loc":{"start":{"line":184,"column":12},"end":{"line":191,"column":13}},"type":"if","locations":[{"start":{"line":184,"column":12},"end":{"line":191,"column":13}},{"start":{},"end":{}}],"line":184}},"s":{"0":6,"1":0,"2":6,"3":0,"4":6,"5":0,"6":6,"7":0,"8":6,"9":0,"10":6,"11":6,"12":7,"13":0,"14":7,"15":7,"16":0,"17":7,"18":7,"19":2,"20":5,"21":5,"22":5,"23":4,"24":0,"25":4,"26":0,"27":4,"28":4,"29":4,"30":1,"31":3,"32":4,"33":4,"34":1,"35":3,"36":3,"37":0,"38":2,"39":2,"40":3,"41":2,"42":2,"43":2,"44":2,"45":3,"46":2,"47":0,"48":0,"49":0,"50":0},"f":{"0":6,"1":3,"2":0,"3":0,"4":0},"b":{"0":[0,6],"1":[0,6],"2":[0,6],"3":[0,6],"4":[0,6],"5":[0,7],"6":[0,7],"7":[2,5],"8":[0,4],"9":[0,4],"10":[1,3],"11":[1,3],"12":[0,3]},"_coverageSchema":"1a1c01bbd47fc00a2c39e90264f33305004495a9","hash":"6c0e7b5e53eaf3853416d8ae7a86ab4bd6874e90"}
,"/home/rodrigo/StockFlow/mobile/src/services/EstoqueService.ts": {"path":"/home/rodrigo/StockFlow/mobile/src/services/EstoqueService.ts","statementMap":{"0":{"start":{"line":16,"column":21},"end":{"line":19,"column":9}},"1":{"start":{"line":18,"column":16},"end":{"line":18,"column":44}},"2":{"start":{"line":21,"column":8},"end":{"line":21,"column":37}},"3":{"start":{"line":30,"column":8},"end":{"line":34,"column":9}},"4":{"start":{"line":31,"column":12},"end":{"line":33,"column":14}},"5":{"start":{"line":36,"column":21},"end":{"line":39,"column":9}},"6":{"start":{"line":38,"column":16},"end":{"line":38,"column":44}},"7":{"start":{"line":41,"column":8},"end":{"line":44,"column":9}},"8":{"start":{"line":42,"column":12},"end":{"line":42,"column":42}},"9":{"start":{"line":43,"column":12},"end":{"line":43,"column":19}},"10":{"start":{"line":46,"column":38},"end":{"line":49,"column":9}},"11":{"start":{"line":51,"column":8},"end":{"line":51,"column":37}},"12":{"start":{"line":60,"column":8},"end":{"line":64,"column":9}},"13":{"start":{"line":61,"column":12},"end":{"line":63,"column":14}},"14":{"start":{"line":66,"column":21},"end":{"line":69,"column":9}},"15":{"start":{"line":68,"column":16},"end":{"line":68,"column":44}},"16":{"start":{"line":71,"column":8},"end":{"line":75,"column":9}},"17":{"start":{"line":72,"column":12},"end":{"line":74,"column":14}},"18":{"start":{"line":77,"column":8},"end":{"line":81,"column":9}},"19":{"start":{"line":78,"column":12},"end":{"line":80,"column":14}},"20":{"start":{"line":83,"column":8},"end":{"line":83,"column":38}},"21":{"start":{"line":94,"column":8},"end":{"line":98,"column":9}},"22":{"start":{"line":95,"column":12},"end":{"line":97,"column":14}},"23":{"start":{"line":100,"column":8},"end":{"line":104,"column":10}},"24":{"start":{"line":106,"column":8},"end":{"line":110,"column":10}},"25":{"start":{"line":112,"column":43},"end":{"line":127,"column":9}},"26":{"start":{"line":129,"column":8},"end":{"line":129,"column":28}}},"fnMap":{"0":{"name":"(anonymous_0)","decl":{"start":{"line":11,"column":4},"end":{"line":11,"column":5}},"loc":{"start":{"line":14,"column":14},"end":{"line":22,"column":5}},"line":14},"1":{"name":"(anonymous_1)","decl":{"start":{"line":17,"column":12},"end":{"line":17,"column":13}},"loc":{"start":{"line":18,"column":16},"end":{"line":18,"column":44}},"line":18},"2":{"name":"(anonymous_2)","decl":{"start":{"line":24,"column":4},"end":{"line":24,"column":5}},"loc":{"start":{"line":28,"column":12},"end":{"line":52,"column":5}},"line":28},"3":{"name":"(anonymous_3)","decl":{"start":{"line":37,"column":12},"end":{"line":37,"column":13}},"loc":{"start":{"line":38,"column":16},"end":{"line":38,"column":44}},"line":38},"4":{"name":"(anonymous_4)","decl":{"start":{"line":54,"column":4},"end":{"line":54,"column":5}},"loc":{"start":{"line":58,"column":12},"end":{"line":84,"column":5}},"line":58},"5":{"name":"(anonymous_5)","decl":{"start":{"line":67,"column":12},"end":{"line":67,"column":13}},"loc":{"start":{"line":68,"column":16},"end":{"line":68,"column":44}},"line":68},"6":{"name":"(anonymous_6)","decl":{"start":{"line":86,"column":4},"end":{"line":86,"column":5}},"loc":{"start":{"line":92,"column":20},"end":{"line":130,"column":5}},"line":92}},"branchMap":{"0":{"loc":{"start":{"line":21,"column":15},"end":{"line":21,"column":36}},"type":"binary-expr","locations":[{"start":{"line":21,"column":15},"end":{"line":21,"column":31}},{"start":{"line":21,"column":35},"end":{"line":21,"column":36}}],"line":21},"1":{"loc":{"start":{"line":30,"column":8},"end":{"line":34,"column":9}},"type":"if","locations":[{"start":{"line":30,"column":8},"end":{"line":34,"column":9}},{"start":{},"end":{}}],"line":30},"2":{"loc":{"start":{"line":41,"column":8},"end":{"line":44,"column":9}},"type":"if","locations":[{"start":{"line":41,"column":8},"end":{"line":44,"column":9}},{"start":{},"end":{}}],"line":41},"3":{"loc":{"start":{"line":60,"column":8},"end":{"line":64,"column":9}},"type":"if","locations":[{"start":{"line":60,"column":8},"end":{"line":64,"column":9}},{"start":{},"end":{}}],"line":60},"4":{"loc":{"start":{"line":71,"column":8},"end":{"line":75,"column":9}},"type":"if","locations":[{"start":{"line":71,"column":8},"end":{"line":75,"column":9}},{"start":{},"end":{}}],"line":71},"5":{"loc":{"start":{"line":77,"column":8},"end":{"line":81,"column":9}},"type":"if","locations":[{"start":{"line":77,"column":8},"end":{"line":81,"column":9}},{"start":{},"end":{}}],"line":77},"6":{"loc":{"start":{"line":94,"column":8},"end":{"line":98,"column":9}},"type":"if","locations":[{"start":{"line":94,"column":8},"end":{"line":98,"column":9}},{"start":{},"end":{}}],"line":94}},"s":{"0":123,"1":196,"2":123,"3":19,"4":0,"5":19,"6":26,"7":19,"8":9,"9":9,"10":10,"11":10,"12":28,"13":0,"14":28,"15":50,"16":28,"17":0,"18":28,"19":1,"20":27,"21":0,"22":0,"23":0,"24":0,"25":0,"26":0},"f":{"0":123,"1":196,"2":19,"3":26,"4":28,"5":50,"6":0},"b":{"0":[123,4],"1":[0,19],"2":[9,10],"3":[0,28],"4":[0,28],"5":[1,27],"6":[0,0]},"_coverageSchema":"1a1c01bbd47fc00a2c39e90264f33305004495a9","hash":"0d41ff2be47c6463d4bbffa59e416dc6246a1c16"}
,"/home/rodrigo/StockFlow/mobile/src/services/MaquinaService.ts": {"path":"/home/rodrigo/StockFlow/mobile/src/services/MaquinaService.ts","statementMap":{"0":{"start":{"line":14,"column":28},"end":{"line":249,"column":1}},"1":{"start":{"line":257,"column":8},"end":{"line":260,"column":10}},"2":{"start":{"line":259,"column":16},"end":{"line":259,"column":33}},"3":{"start":{"line":267,"column":8},"end":{"line":270,"column":10}},"4":{"start":{"line":269,"column":16},"end":{"line":269,"column":43}},"5":{"start":{"line":278,"column":8},"end":{"line":280,"column":10}},"6":{"start":{"line":289,"column":12},"end":{"line":291,"column":13}},"7":{"start":{"line":293,"column":8},"end":{"line":295,"column":9}},"8":{"start":{"line":294,"column":12},"end":{"line":294,"column":25}},"9":{"start":{"line":297,"column":8},"end":{"line":300,"column":10}}},"fnMap":{"0":{"name":"(anonymous_0)","decl":{"start":{"line":253,"column":4},"end":{"line":253,"column":5}},"loc":{"start":{"line":255,"column":27},"end":{"line":261,"column":5}},"line":255},"1":{"name":"(anonymous_1)","decl":{"start":{"line":258,"column":12},"end":{"line":258,"column":13}},"loc":{"start":{"line":259,"column":16},"end":{"line":259,"column":33}},"line":259},"2":{"name":"(anonymous_2)","decl":{"start":{"line":263,"column":4},"end":{"line":263,"column":5}},"loc":{"start":{"line":265,"column":17},"end":{"line":271,"column":5}},"line":265},"3":{"name":"(anonymous_3)","decl":{"start":{"line":268,"column":12},"end":{"line":268,"column":13}},"loc":{"start":{"line":269,"column":16},"end":{"line":269,"column":43}},"line":269},"4":{"name":"(anonymous_4)","decl":{"start":{"line":273,"column":4},"end":{"line":273,"column":5}},"loc":{"start":{"line":276,"column":15},"end":{"line":281,"column":5}},"line":276},"5":{"name":"(anonymous_5)","decl":{"start":{"line":283,"column":4},"end":{"line":283,"column":5}},"loc":{"start":{"line":286,"column":15},"end":{"line":301,"column":5}},"line":286}},"branchMap":{"0":{"loc":{"start":{"line":293,"column":8},"end":{"line":295,"column":9}},"type":"if","locations":[{"start":{"line":293,"column":8},"end":{"line":295,"column":9}},{"start":{},"end":{}}],"line":293}},"s":{"0":4,"1":15,"2":237,"3":19,"4":361,"5":18,"6":0,"7":0,"8":0,"9":0},"f":{"0":15,"1":237,"2":19,"3":361,"4":18,"5":0},"b":{"0":[0,0]},"_coverageSchema":"1a1c01bbd47fc00a2c39e90264f33305004495a9","hash":"655c3eb3a45f616d74579cde0add5c3a41d963f7"}
,"/home/rodrigo/StockFlow/mobile/src/services/MovimentoEstoquePrincipalService.ts": {"path":"/home/rodrigo/StockFlow/mobile/src/services/MovimentoEstoquePrincipalService.ts","statementMap":{"0":{"start":{"line":21,"column":8},"end":{"line":27,"column":9}},"1":{"start":{"line":24,"column":12},"end":{"line":26,"column":14}},"2":{"start":{"line":30,"column":12},"end":{"line":30,"column":32}},"3":{"start":{"line":32,"column":8},"end":{"line":80,"column":9}},"4":{"start":{"line":37,"column":12},"end":{"line":43,"column":13}},"5":{"start":{"line":40,"column":16},"end":{"line":42,"column":18}},"6":{"start":{"line":45,"column":12},"end":{"line":53,"column":13}},"7":{"start":{"line":50,"column":16},"end":{"line":52,"column":18}},"8":{"start":{"line":55,"column":12},"end":{"line":57,"column":14}},"9":{"start":{"line":59,"column":12},"end":{"line":79,"column":13}},"10":{"start":{"line":65,"column":20},"end":{"line":69,"column":25}},"11":{"start":{"line":71,"column":16},"end":{"line":78,"column":17}},"12":{"start":{"line":75,"column":20},"end":{"line":77,"column":22}},"13":{"start":{"line":83,"column":12},"end":{"line":113,"column":13}},"14":{"start":{"line":87,"column":24},"end":{"line":91,"column":29}},"15":{"start":{"line":94,"column":24},"end":{"line":99,"column":47}},"16":{"start":{"line":101,"column":20},"end":{"line":111,"column":22}},"17":{"start":{"line":115,"column":8},"end":{"line":139,"column":9}},"18":{"start":{"line":120,"column":12},"end":{"line":138,"column":13}},"19":{"start":{"line":125,"column":16},"end":{"line":129,"column":18}},"20":{"start":{"line":133,"column":16},"end":{"line":137,"column":18}},"21":{"start":{"line":141,"column":8},"end":{"line":160,"column":11}}},"fnMap":{"0":{"name":"(anonymous_0)","decl":{"start":{"line":15,"column":4},"end":{"line":15,"column":5}},"loc":{"start":{"line":19,"column":12},"end":{"line":161,"column":5}},"line":19},"1":{"name":"(anonymous_1)","decl":{"start":{"line":84,"column":16},"end":{"line":84,"column":17}},"loc":{"start":{"line":84,"column":26},"end":{"line":112,"column":17}},"line":84}},"branchMap":{"0":{"loc":{"start":{"line":21,"column":8},"end":{"line":27,"column":9}},"type":"if","locations":[{"start":{"line":21,"column":8},"end":{"line":27,"column":9}},{"start":{},"end":{}}],"line":21},"1":{"loc":{"start":{"line":37,"column":12},"end":{"line":43,"column":13}},"type":"if","locations":[{"start":{"line":37,"column":12},"end":{"line":43,"column":13}},{"start":{},"end":{}}],"line":37},"2":{"loc":{"start":{"line":45,"column":12},"end":{"line":53,"column":13}},"type":"if","locations":[{"start":{"line":45,"column":12},"end":{"line":53,"column":13}},{"start":{},"end":{}}],"line":45},"3":{"loc":{"start":{"line":59,"column":12},"end":{"line":79,"column":13}},"type":"if","locations":[{"start":{"line":59,"column":12},"end":{"line":79,"column":13}},{"start":{},"end":{}}],"line":59},"4":{"loc":{"start":{"line":71,"column":16},"end":{"line":78,"column":17}},"type":"if","locations":[{"start":{"line":71,"column":16},"end":{"line":78,"column":17}},{"start":{},"end":{}}],"line":71},"5":{"loc":{"start":{"line":94,"column":24},"end":{"line":99,"column":47}},"type":"cond-expr","locations":[{"start":{"line":96,"column":30},"end":{"line":97,"column":47}},{"start":{"line":98,"column":30},"end":{"line":99,"column":47}}],"line":94},"6":{"loc":{"start":{"line":120,"column":12},"end":{"line":138,"column":13}},"type":"if","locations":[{"start":{"line":120,"column":12},"end":{"line":138,"column":13}},{"start":{"line":131,"column":19},"end":{"line":138,"column":13}}],"line":120}},"s":{"0":7,"1":0,"2":7,"3":7,"4":13,"5":1,"6":12,"7":0,"8":12,"9":12,"10":6,"11":6,"12":3,"13":3,"14":8,"15":8,"16":8,"17":3,"18":8,"19":6,"20":2,"21":3},"f":{"0":7,"1":8},"b":{"0":[0,7],"1":[1,12],"2":[0,12],"3":[6,6],"4":[3,3],"5":[6,2],"6":[6,2]},"_coverageSchema":"1a1c01bbd47fc00a2c39e90264f33305004495a9","hash":"b5676cc964e94af9da0ec05a34ad42d172a64df9"}
,"/home/rodrigo/StockFlow/mobile/src/services/ReservaService.ts": {"path":"/home/rodrigo/StockFlow/mobile/src/services/ReservaService.ts","statementMap":{"0":{"start":{"line":20,"column":8},"end":{"line":23,"column":10}},"1":{"start":{"line":33,"column":8},"end":{"line":37,"column":9}},"2":{"start":{"line":36,"column":12},"end":{"line":36,"column":35}},"3":{"start":{"line":39,"column":8},"end":{"line":53,"column":11}},"4":{"start":{"line":62,"column":8},"end":{"line":67,"column":9}},"5":{"start":{"line":64,"column":12},"end":{"line":66,"column":14}},"6":{"start":{"line":69,"column":8},"end":{"line":77,"column":9}},"7":{"start":{"line":74,"column":12},"end":{"line":76,"column":14}},"8":{"start":{"line":79,"column":8},"end":{"line":86,"column":9}},"9":{"start":{"line":83,"column":12},"end":{"line":85,"column":14}},"10":{"start":{"line":88,"column":8},"end":{"line":96,"column":9}},"11":{"start":{"line":93,"column":12},"end":{"line":95,"column":14}},"12":{"start":{"line":98,"column":8},"end":{"line":107,"column":9}},"13":{"start":{"line":104,"column":12},"end":{"line":106,"column":14}},"14":{"start":{"line":109,"column":8},"end":{"line":117,"column":9}},"15":{"start":{"line":114,"column":12},"end":{"line":116,"column":14}},"16":{"start":{"line":119,"column":8},"end":{"line":129,"column":9}},"17":{"start":{"line":126,"column":12},"end":{"line":128,"column":14}},"18":{"start":{"line":132,"column":12},"end":{"line":134,"column":13}},"19":{"start":{"line":136,"column":8},"end":{"line":145,"column":9}},"20":{"start":{"line":142,"column":12},"end":{"line":144,"column":14}},"21":{"start":{"line":148,"column":12},"end":{"line":152,"column":13}},"22":{"start":{"line":154,"column":8},"end":{"line":162,"column":9}},"23":{"start":{"line":159,"column":12},"end":{"line":161,"column":14}},"24":{"start":{"line":164,"column":8},"end":{"line":165,"column":14}},"25":{"start":{"line":167,"column":8},"end":{"line":168,"column":23}},"26":{"start":{"line":170,"column":8},"end":{"line":171,"column":15}},"27":{"start":{"line":173,"column":8},"end":{"line":178,"column":10}},"28":{"start":{"line":180,"column":8},"end":{"line":182,"column":10}},"29":{"start":{"line":192,"column":12},"end":{"line":196,"column":13}},"30":{"start":{"line":194,"column":20},"end":{"line":195,"column":29}},"31":{"start":{"line":198,"column":8},"end":{"line":203,"column":9}},"32":{"start":{"line":200,"column":12},"end":{"line":202,"column":14}},"33":{"start":{"line":205,"column":8},"end":{"line":213,"column":9}},"34":{"start":{"line":210,"column":12},"end":{"line":212,"column":14}},"35":{"start":{"line":215,"column":8},"end":{"line":223,"column":9}},"36":{"start":{"line":220,"column":12},"end":{"line":222,"column":14}},"37":{"start":{"line":226,"column":12},"end":{"line":228,"column":13}},"38":{"start":{"line":230,"column":8},"end":{"line":234,"column":21}},"39":{"start":{"line":236,"column":8},"end":{"line":241,"column":10}},"40":{"start":{"line":243,"column":8},"end":{"line":244,"column":36}},"41":{"start":{"line":251,"column":8},"end":{"line":258,"column":10}},"42":{"start":{"line":267,"column":8},"end":{"line":284,"column":14}},"43":{"start":{"line":270,"column":20},"end":{"line":275,"column":43}},"44":{"start":{"line":279,"column":20},"end":{"line":282,"column":21}},"45":{"start":{"line":294,"column":8},"end":{"line":313,"column":14}},"46":{"start":{"line":297,"column":20},"end":{"line":304,"column":43}},"47":{"start":{"line":308,"column":20},"end":{"line":311,"column":21}},"48":{"start":{"line":322,"column":8},"end":{"line":324,"column":9}},"49":{"start":{"line":323,"column":12},"end":{"line":323,"column":21}},"50":{"start":{"line":327,"column":12},"end":{"line":331,"column":30}},"51":{"start":{"line":329,"column":20},"end":{"line":330,"column":29}},"52":{"start":{"line":334,"column":12},"end":{"line":338,"column":13}},"53":{"start":{"line":340,"column":8},"end":{"line":344,"column":10}},"54":{"start":{"line":356,"column":12},"end":{"line":356,"column":22}},"55":{"start":{"line":359,"column":12},"end":{"line":359,"column":13}},"56":{"start":{"line":362,"column":12},"end":{"line":372,"column":13}},"57":{"start":{"line":364,"column":20},"end":{"line":371,"column":43}},"58":{"start":{"line":374,"column":8},"end":{"line":434,"column":9}},"59":{"start":{"line":379,"column":12},"end":{"line":383,"column":13}},"60":{"start":{"line":382,"column":16},"end":{"line":382,"column":22}},"61":{"start":{"line":386,"column":16},"end":{"line":388,"column":17}},"62":{"start":{"line":391,"column":16},"end":{"line":394,"column":17}},"63":{"start":{"line":396,"column":12},"end":{"line":400,"column":13}},"64":{"start":{"line":399,"column":16},"end":{"line":399,"column":25}},"65":{"start":{"line":402,"column":12},"end":{"line":403,"column":21}},"66":{"start":{"line":405,"column":12},"end":{"line":406,"column":21}},"67":{"start":{"line":408,"column":12},"end":{"line":409,"column":21}},"68":{"start":{"line":411,"column":12},"end":{"line":416,"column":14}},"69":{"start":{"line":418,"column":12},"end":{"line":433,"column":13}},"70":{"start":{"line":424,"column":16},"end":{"line":425,"column":44}},"71":{"start":{"line":427,"column":16},"end":{"line":432,"column":18}},"72":{"start":{"line":436,"column":8},"end":{"line":436,"column":25}},"73":{"start":{"line":447,"column":8},"end":{"line":451,"column":9}},"74":{"start":{"line":450,"column":12},"end":{"line":450,"column":21}},"75":{"start":{"line":454,"column":12},"end":{"line":454,"column":22}},"76":{"start":{"line":457,"column":12},"end":{"line":457,"column":13}},"77":{"start":{"line":460,"column":12},"end":{"line":470,"column":13}},"78":{"start":{"line":462,"column":20},"end":{"line":469,"column":43}},"79":{"start":{"line":472,"column":8},"end":{"line":528,"column":9}},"80":{"start":{"line":477,"column":12},"end":{"line":481,"column":13}},"81":{"start":{"line":480,"column":16},"end":{"line":480,"column":22}},"82":{"start":{"line":484,"column":16},"end":{"line":486,"column":17}},"83":{"start":{"line":489,"column":16},"end":{"line":492,"column":17}},"84":{"start":{"line":494,"column":12},"end":{"line":498,"column":13}},"85":{"start":{"line":497,"column":16},"end":{"line":497,"column":25}},"86":{"start":{"line":500,"column":12},"end":{"line":504,"column":24}},"87":{"start":{"line":506,"column":12},"end":{"line":507,"column":24}},"88":{"start":{"line":509,"column":12},"end":{"line":510,"column":24}},"89":{"start":{"line":512,"column":12},"end":{"line":517,"column":14}},"90":{"start":{"line":519,"column":12},"end":{"line":527,"column":13}},"91":{"start":{"line":525,"column":16},"end":{"line":526,"column":44}},"92":{"start":{"line":530,"column":8},"end":{"line":530,"column":24}},"93":{"start":{"line":537,"column":8},"end":{"line":562,"column":9}},"94":{"start":{"line":540,"column":16},"end":{"line":540,"column":50}},"95":{"start":{"line":543,"column":16},"end":{"line":543,"column":50}},"96":{"start":{"line":546,"column":16},"end":{"line":546,"column":60}},"97":{"start":{"line":555,"column":16},"end":{"line":555,"column":49}},"98":{"start":{"line":559,"column":16},"end":{"line":561,"column":18}},"99":{"start":{"line":569,"column":8},"end":{"line":579,"column":9}},"100":{"start":{"line":574,"column":12},"end":{"line":578,"column":14}},"101":{"start":{"line":581,"column":8},"end":{"line":591,"column":9}},"102":{"start":{"line":586,"column":12},"end":{"line":590,"column":14}},"103":{"start":{"line":593,"column":8},"end":{"line":593,"column":18}},"104":{"start":{"line":600,"column":8},"end":{"line":638,"column":9}},"105":{"start":{"line":604,"column":16},"end":{"line":609,"column":18}},"106":{"start":{"line":613,"column":16},"end":{"line":620,"column":18}},"107":{"start":{"line":624,"column":16},"end":{"line":627,"column":18}},"108":{"start":{"line":631,"column":16},"end":{"line":633,"column":18}},"109":{"start":{"line":637,"column":16},"end":{"line":637,"column":26}},"110":{"start":{"line":646,"column":8},"end":{"line":652,"column":14}}},"fnMap":{"0":{"name":"(anonymous_0)","decl":{"start":{"line":16,"column":4},"end":{"line":16,"column":5}},"loc":{"start":{"line":18,"column":14},"end":{"line":24,"column":5}},"line":18},"1":{"name":"(anonymous_1)","decl":{"start":{"line":26,"column":4},"end":{"line":26,"column":5}},"loc":{"start":{"line":31,"column":12},"end":{"line":54,"column":5}},"line":31},"2":{"name":"(anonymous_2)","decl":{"start":{"line":56,"column":4},"end":{"line":56,"column":5}},"loc":{"start":{"line":60,"column":12},"end":{"line":183,"column":5}},"line":60},"3":{"name":"(anonymous_3)","decl":{"start":{"line":185,"column":4},"end":{"line":185,"column":5}},"loc":{"start":{"line":189,"column":12},"end":{"line":245,"column":5}},"line":189},"4":{"name":"(anonymous_4)","decl":{"start":{"line":193,"column":16},"end":{"line":193,"column":17}},"loc":{"start":{"line":194,"column":20},"end":{"line":195,"column":29}},"line":194},"5":{"name":"(anonymous_5)","decl":{"start":{"line":247,"column":4},"end":{"line":247,"column":5}},"loc":{"start":{"line":249,"column":14},"end":{"line":259,"column":5}},"line":249},"6":{"name":"(anonymous_6)","decl":{"start":{"line":261,"column":4},"end":{"line":261,"column":5}},"loc":{"start":{"line":265,"column":14},"end":{"line":285,"column":5}},"line":265},"7":{"name":"(anonymous_7)","decl":{"start":{"line":269,"column":16},"end":{"line":269,"column":17}},"loc":{"start":{"line":270,"column":20},"end":{"line":275,"column":43}},"line":270},"8":{"name":"(anonymous_8)","decl":{"start":{"line":278,"column":16},"end":{"line":278,"column":17}},"loc":{"start":{"line":279,"column":20},"end":{"line":282,"column":21}},"line":279},"9":{"name":"(anonymous_9)","decl":{"start":{"line":287,"column":4},"end":{"line":287,"column":5}},"loc":{"start":{"line":292,"column":14},"end":{"line":314,"column":5}},"line":292},"10":{"name":"(anonymous_10)","decl":{"start":{"line":296,"column":16},"end":{"line":296,"column":17}},"loc":{"start":{"line":297,"column":20},"end":{"line":304,"column":43}},"line":297},"11":{"name":"(anonymous_11)","decl":{"start":{"line":307,"column":16},"end":{"line":307,"column":17}},"loc":{"start":{"line":308,"column":20},"end":{"line":311,"column":21}},"line":308},"12":{"name":"(anonymous_12)","decl":{"start":{"line":316,"column":4},"end":{"line":316,"column":5}},"loc":{"start":{"line":320,"column":14},"end":{"line":345,"column":5}},"line":320},"13":{"name":"(anonymous_13)","decl":{"start":{"line":328,"column":16},"end":{"line":328,"column":17}},"loc":{"start":{"line":329,"column":20},"end":{"line":330,"column":29}},"line":329},"14":{"name":"(anonymous_14)","decl":{"start":{"line":347,"column":4},"end":{"line":347,"column":5}},"loc":{"start":{"line":353,"column":14},"end":{"line":437,"column":5}},"line":353},"15":{"name":"(anonymous_15)","decl":{"start":{"line":363,"column":16},"end":{"line":363,"column":17}},"loc":{"start":{"line":364,"column":20},"end":{"line":371,"column":43}},"line":364},"16":{"name":"(anonymous_16)","decl":{"start":{"line":439,"column":4},"end":{"line":439,"column":5}},"loc":{"start":{"line":445,"column":14},"end":{"line":531,"column":5}},"line":445},"17":{"name":"(anonymous_17)","decl":{"start":{"line":461,"column":16},"end":{"line":461,"column":17}},"loc":{"start":{"line":462,"column":20},"end":{"line":469,"column":43}},"line":462},"18":{"name":"(anonymous_18)","decl":{"start":{"line":533,"column":4},"end":{"line":533,"column":5}},"loc":{"start":{"line":535,"column":24},"end":{"line":563,"column":5}},"line":535},"19":{"name":"(anonymous_19)","decl":{"start":{"line":565,"column":4},"end":{"line":565,"column":5}},"loc":{"start":{"line":567,"column":26},"end":{"line":594,"column":5}},"line":567},"20":{"name":"(anonymous_20)","decl":{"start":{"line":596,"column":4},"end":{"line":596,"column":5}},"loc":{"start":{"line":598,"column":19},"end":{"line":639,"column":5}},"line":598},"21":{"name":"(anonymous_21)","decl":{"start":{"line":641,"column":4},"end":{"line":641,"column":5}},"loc":{"start":{"line":644,"column":15},"end":{"line":653,"column":5}},"line":644}},"branchMap":{"0":{"loc":{"start":{"line":21,"column":12},"end":{"line":22,"column":13}},"type":"binary-expr","locations":[{"start":{"line":21,"column":12},"end":{"line":21,"column":38}},{"start":{"line":22,"column":12},"end":{"line":22,"column":13}}],"line":21},"1":{"loc":{"start":{"line":33,"column":8},"end":{"line":37,"column":9}},"type":"if","locations":[{"start":{"line":33,"column":8},"end":{"line":37,"column":9}},{"start":{},"end":{}}],"line":33},"2":{"loc":{"start":{"line":62,"column":8},"end":{"line":67,"column":9}},"type":"if","locations":[{"start":{"line":62,"column":8},"end":{"line":67,"column":9}},{"start":{},"end":{}}],"line":62},"3":{"loc":{"start":{"line":69,"column":8},"end":{"line":77,"column":9}},"type":"if","locations":[{"start":{"line":69,"column":8},"end":{"line":77,"column":9}},{"start":{},"end":{}}],"line":69},"4":{"loc":{"start":{"line":79,"column":8},"end":{"line":86,"column":9}},"type":"if","locations":[{"start":{"line":79,"column":8},"end":{"line":86,"column":9}},{"start":{},"end":{}}],"line":79},"5":{"loc":{"start":{"line":88,"column":8},"end":{"line":96,"column":9}},"type":"if","locations":[{"start":{"line":88,"column":8},"end":{"line":96,"column":9}},{"start":{},"end":{}}],"line":88},"6":{"loc":{"start":{"line":98,"column":8},"end":{"line":107,"column":9}},"type":"if","locations":[{"start":{"line":98,"column":8},"end":{"line":107,"column":9}},{"start":{},"end":{}}],"line":98},"7":{"loc":{"start":{"line":109,"column":8},"end":{"line":117,"column":9}},"type":"if","locations":[{"start":{"line":109,"column":8},"end":{"line":117,"column":9}},{"start":{},"end":{}}],"line":109},"8":{"loc":{"start":{"line":119,"column":8},"end":{"line":129,"column":9}},"type":"if","locations":[{"start":{"line":119,"column":8},"end":{"line":129,"column":9}},{"start":{},"end":{}}],"line":119},"9":{"loc":{"start":{"line":136,"column":8},"end":{"line":145,"column":9}},"type":"if","locations":[{"start":{"line":136,"column":8},"end":{"line":145,"column":9}},{"start":{},"end":{}}],"line":136},"10":{"loc":{"start":{"line":154,"column":8},"end":{"line":162,"column":9}},"type":"if","locations":[{"start":{"line":154,"column":8},"end":{"line":162,"column":9}},{"start":{},"end":{}}],"line":154},"11":{"loc":{"start":{"line":198,"column":8},"end":{"line":203,"column":9}},"type":"if","locations":[{"start":{"line":198,"column":8},"end":{"line":203,"column":9}},{"start":{},"end":{}}],"line":198},"12":{"loc":{"start":{"line":205,"column":8},"end":{"line":213,"column":9}},"type":"if","locations":[{"start":{"line":205,"column":8},"end":{"line":213,"column":9}},{"start":{},"end":{}}],"line":205},"13":{"loc":{"start":{"line":215,"column":8},"end":{"line":223,"column":9}},"type":"if","locations":[{"start":{"line":215,"column":8},"end":{"line":223,"column":9}},{"start":{},"end":{}}],"line":215},"14":{"loc":{"start":{"line":270,"column":20},"end":{"line":275,"column":43}},"type":"binary-expr","locations":[{"start":{"line":270,"column":20},"end":{"line":271,"column":37}},{"start":{"line":272,"column":20},"end":{"line":273,"column":33}},{"start":{"line":274,"column":20},"end":{"line":275,"column":43}}],"line":270},"15":{"loc":{"start":{"line":297,"column":20},"end":{"line":304,"column":43}},"type":"binary-expr","locations":[{"start":{"line":297,"column":20},"end":{"line":298,"column":37}},{"start":{"line":299,"column":20},"end":{"line":300,"column":33}},{"start":{"line":301,"column":20},"end":{"line":302,"column":33}},{"start":{"line":303,"column":20},"end":{"line":304,"column":43}}],"line":297},"16":{"loc":{"start":{"line":322,"column":8},"end":{"line":324,"column":9}},"type":"if","locations":[{"start":{"line":322,"column":8},"end":{"line":324,"column":9}},{"start":{},"end":{}}],"line":322},"17":{"loc":{"start":{"line":327,"column":12},"end":{"line":331,"column":30}},"type":"binary-expr","locations":[{"start":{"line":327,"column":12},"end":{"line":331,"column":25}},{"start":{"line":331,"column":29},"end":{"line":331,"column":30}}],"line":327},"18":{"loc":{"start":{"line":364,"column":20},"end":{"line":371,"column":43}},"type":"binary-expr","locations":[{"start":{"line":364,"column":20},"end":{"line":365,"column":37}},{"start":{"line":366,"column":20},"end":{"line":367,"column":33}},{"start":{"line":368,"column":20},"end":{"line":369,"column":33}},{"start":{"line":370,"column":20},"end":{"line":371,"column":43}}],"line":364},"19":{"loc":{"start":{"line":379,"column":12},"end":{"line":383,"column":13}},"type":"if","locations":[{"start":{"line":379,"column":12},"end":{"line":383,"column":13}},{"start":{},"end":{}}],"line":379},"20":{"loc":{"start":{"line":396,"column":12},"end":{"line":400,"column":13}},"type":"if","locations":[{"start":{"line":396,"column":12},"end":{"line":400,"column":13}},{"start":{},"end":{}}],"line":396},"21":{"loc":{"start":{"line":418,"column":12},"end":{"line":433,"column":13}},"type":"if","locations":[{"start":{"line":418,"column":12},"end":{"line":433,"column":13}},{"start":{},"end":{}}],"line":418},"22":{"loc":{"start":{"line":447,"column":8},"end":{"line":451,"column":9}},"type":"if","locations":[{"start":{"line":447,"column":8},"end":{"line":451,"column":9}},{"start":{},"end":{}}],"line":447},"23":{"loc":{"start":{"line":462,"column":20},"end":{"line":469,"column":43}},"type":"binary-expr","locations":[{"start":{"line":462,"column":20},"end":{"line":463,"column":37}},{"start":{"line":464,"column":20},"end":{"line":465,"column":33}},{"start":{"line":466,"column":20},"end":{"line":467,"column":33}},{"start":{"line":468,"column":20},"end":{"line":469,"column":43}}],"line":462},"24":{"loc":{"start":{"line":477,"column":12},"end":{"line":481,"column":13}},"type":"if","locations":[{"start":{"line":477,"column":12},"end":{"line":481,"column":13}},{"start":{},"end":{}}],"line":477},"25":{"loc":{"start":{"line":494,"column":12},"end":{"line":498,"column":13}},"type":"if","locations":[{"start":{"line":494,"column":12},"end":{"line":498,"column":13}},{"start":{},"end":{}}],"line":494},"26":{"loc":{"start":{"line":519,"column":12},"end":{"line":527,"column":13}},"type":"if","locations":[{"start":{"line":519,"column":12},"end":{"line":527,"column":13}},{"start":{},"end":{}}],"line":519},"27":{"loc":{"start":{"line":537,"column":8},"end":{"line":562,"column":9}},"type":"switch","locations":[{"start":{"line":539,"column":12},"end":{"line":540,"column":50}},{"start":{"line":542,"column":12},"end":{"line":543,"column":50}},{"start":{"line":545,"column":12},"end":{"line":546,"column":60}},{"start":{"line":548,"column":12},"end":{"line":548,"column":49}},{"start":{"line":549,"column":12},"end":{"line":549,"column":44}},{"start":{"line":550,"column":12},"end":{"line":550,"column":49}},{"start":{"line":551,"column":12},"end":{"line":551,"column":44}},{"start":{"line":552,"column":12},"end":{"line":552,"column":44}},{"start":{"line":553,"column":12},"end":{"line":555,"column":49}},{"start":{"line":557,"column":12},"end":{"line":561,"column":18}}],"line":537},"28":{"loc":{"start":{"line":569,"column":8},"end":{"line":579,"column":9}},"type":"if","locations":[{"start":{"line":569,"column":8},"end":{"line":579,"column":9}},{"start":{},"end":{}}],"line":569},"29":{"loc":{"start":{"line":581,"column":8},"end":{"line":591,"column":9}},"type":"if","locations":[{"start":{"line":581,"column":8},"end":{"line":591,"column":9}},{"start":{},"end":{}}],"line":581},"30":{"loc":{"start":{"line":600,"column":8},"end":{"line":638,"column":9}},"type":"switch","locations":[{"start":{"line":602,"column":12},"end":{"line":609,"column":18}},{"start":{"line":611,"column":12},"end":{"line":620,"column":18}},{"start":{"line":622,"column":12},"end":{"line":627,"column":18}},{"start":{"line":629,"column":12},"end":{"line":633,"column":18}},{"start":{"line":635,"column":12},"end":{"line":637,"column":26}}],"line":600}},"s":{"0":119,"1":30,"2":0,"3":30,"4":24,"5":0,"6":24,"7":0,"8":24,"9":1,"10":23,"11":0,"12":23,"13":0,"14":23,"15":0,"16":23,"17":2,"18":21,"19":21,"20":3,"21":18,"22":18,"23":1,"24":17,"25":17,"26":17,"27":17,"28":17,"29":1,"30":1,"31":1,"32":0,"33":1,"34":0,"35":1,"36":0,"37":1,"38":1,"39":1,"40":1,"41":92,"42":47,"43":56,"44":39,"45":27,"46":55,"47":26,"48":35,"49":0,"50":35,"51":39,"52":35,"53":35,"54":8,"55":8,"56":8,"57":18,"58":8,"59":8,"60":0,"61":8,"62":8,"63":8,"64":0,"65":8,"66":8,"67":8,"68":8,"69":8,"70":1,"71":1,"72":8,"73":3,"74":0,"75":3,"76":3,"77":3,"78":7,"79":3,"80":3,"81":0,"82":3,"83":3,"84":3,"85":0,"86":3,"87":3,"88":3,"89":3,"90":3,"91":0,"92":3,"93":8,"94":1,"95":0,"96":0,"97":7,"98":0,"99":23,"100":22,"101":1,"102":1,"103":0,"104":21,"105":5,"106":0,"107":15,"108":1,"109":0,"110":23},"f":{"0":119,"1":30,"2":24,"3":1,"4":1,"5":92,"6":47,"7":56,"8":39,"9":27,"10":55,"11":26,"12":35,"13":39,"14":8,"15":18,"16":3,"17":7,"18":8,"19":23,"20":21,"21":23},"b":{"0":[119,0],"1":[0,30],"2":[0,24],"3":[0,24],"4":[1,23],"5":[0,23],"6":[0,23],"7":[0,23],"8":[2,21],"9":[3,18],"10":[1,17],"11":[0,1],"12":[0,1],"13":[0,1],"14":[56,56,40],"15":[55,55,43,26],"16":[0,35],"17":[35,0],"18":[18,18,12,8],"19":[0,8],"20":[0,8],"21":[1,7],"22":[0,3],"23":[7,7,4,3],"24":[0,3],"25":[0,3],"26":[0,3],"27":[1,0,0,0,0,0,0,2,7,0],"28":[22,1],"29":[1,0],"30":[5,0,15,1,0]},"_coverageSchema":"1a1c01bbd47fc00a2c39e90264f33305004495a9","hash":"a6a16379c98efef6c30d889928f4aa70be7a274f"}
,"/home/rodrigo/StockFlow/mobile/src/services/RetiradaEstoqueService.ts": {"path":"/home/rodrigo/StockFlow/mobile/src/services/RetiradaEstoqueService.ts","statementMap":{"0":{"start":{"line":16,"column":8},"end":{"line":20,"column":9}},"1":{"start":{"line":17,"column":12},"end":{"line":19,"column":14}},"2":{"start":{"line":22,"column":8},"end":{"line":29,"column":9}},"3":{"start":{"line":26,"column":12},"end":{"line":28,"column":14}},"4":{"start":{"line":31,"column":8},"end":{"line":38,"column":9}},"5":{"start":{"line":35,"column":12},"end":{"line":37,"column":14}},"6":{"start":{"line":40,"column":8},"end":{"line":47,"column":9}},"7":{"start":{"line":44,"column":12},"end":{"line":46,"column":14}},"8":{"start":{"line":49,"column":8},"end":{"line":53,"column":9}},"9":{"start":{"line":50,"column":12},"end":{"line":52,"column":14}},"10":{"start":{"line":56,"column":12},"end":{"line":56,"column":32}},"11":{"start":{"line":59,"column":8},"end":{"line":95,"column":9}},"12":{"start":{"line":61,"column":12},"end":{"line":65,"column":13}},"13":{"start":{"line":62,"column":16},"end":{"line":64,"column":18}},"14":{"start":{"line":67,"column":12},"end":{"line":75,"column":13}},"15":{"start":{"line":72,"column":16},"end":{"line":74,"column":18}},"16":{"start":{"line":77,"column":12},"end":{"line":79,"column":14}},"17":{"start":{"line":82,"column":16},"end":{"line":85,"column":17}},"18":{"start":{"line":87,"column":12},"end":{"line":94,"column":13}},"19":{"start":{"line":91,"column":16},"end":{"line":93,"column":18}},"20":{"start":{"line":98,"column":8},"end":{"line":111,"column":9}},"21":{"start":{"line":100,"column":12},"end":{"line":104,"column":14}},"22":{"start":{"line":106,"column":12},"end":{"line":110,"column":14}},"23":{"start":{"line":113,"column":8},"end":{"line":115,"column":10}},"24":{"start":{"line":122,"column":8},"end":{"line":126,"column":10}},"25":{"start":{"line":124,"column":16},"end":{"line":124,"column":39}}},"fnMap":{"0":{"name":"(anonymous_0)","decl":{"start":{"line":9,"column":4},"end":{"line":9,"column":5}},"loc":{"start":{"line":14,"column":12},"end":{"line":116,"column":5}},"line":14},"1":{"name":"(anonymous_1)","decl":{"start":{"line":118,"column":4},"end":{"line":118,"column":5}},"loc":{"start":{"line":120,"column":14},"end":{"line":127,"column":5}},"line":120},"2":{"name":"(anonymous_2)","decl":{"start":{"line":123,"column":12},"end":{"line":123,"column":13}},"loc":{"start":{"line":124,"column":16},"end":{"line":124,"column":39}},"line":124}},"branchMap":{"0":{"loc":{"start":{"line":16,"column":8},"end":{"line":20,"column":9}},"type":"if","locations":[{"start":{"line":16,"column":8},"end":{"line":20,"column":9}},{"start":{},"end":{}}],"line":16},"1":{"loc":{"start":{"line":22,"column":8},"end":{"line":29,"column":9}},"type":"if","locations":[{"start":{"line":22,"column":8},"end":{"line":29,"column":9}},{"start":{},"end":{}}],"line":22},"2":{"loc":{"start":{"line":31,"column":8},"end":{"line":38,"column":9}},"type":"if","locations":[{"start":{"line":31,"column":8},"end":{"line":38,"column":9}},{"start":{},"end":{}}],"line":31},"3":{"loc":{"start":{"line":40,"column":8},"end":{"line":47,"column":9}},"type":"if","locations":[{"start":{"line":40,"column":8},"end":{"line":47,"column":9}},{"start":{},"end":{}}],"line":40},"4":{"loc":{"start":{"line":49,"column":8},"end":{"line":53,"column":9}},"type":"if","locations":[{"start":{"line":49,"column":8},"end":{"line":53,"column":9}},{"start":{},"end":{}}],"line":49},"5":{"loc":{"start":{"line":61,"column":12},"end":{"line":65,"column":13}},"type":"if","locations":[{"start":{"line":61,"column":12},"end":{"line":65,"column":13}},{"start":{},"end":{}}],"line":61},"6":{"loc":{"start":{"line":67,"column":12},"end":{"line":75,"column":13}},"type":"if","locations":[{"start":{"line":67,"column":12},"end":{"line":75,"column":13}},{"start":{},"end":{}}],"line":67},"7":{"loc":{"start":{"line":87,"column":12},"end":{"line":94,"column":13}},"type":"if","locations":[{"start":{"line":87,"column":12},"end":{"line":94,"column":13}},{"start":{},"end":{}}],"line":87}},"s":{"0":4,"1":0,"2":4,"3":0,"4":4,"5":0,"6":4,"7":0,"8":4,"9":0,"10":4,"11":4,"12":11,"13":0,"14":11,"15":0,"16":11,"17":11,"18":11,"19":1,"20":3,"21":9,"22":9,"23":3,"24":0,"25":0},"f":{"0":4,"1":0,"2":0},"b":{"0":[0,4],"1":[0,4],"2":[0,4],"3":[0,4],"4":[0,4],"5":[0,11],"6":[0,11],"7":[1,10]},"_coverageSchema":"1a1c01bbd47fc00a2c39e90264f33305004495a9","hash":"f2a5b651610b5f1dbdea542a7d1b4efaa3f0fa4b"}
,"/home/rodrigo/StockFlow/mobile/src/utils/ProdutoUtils.ts": {"path":"/home/rodrigo/StockFlow/mobile/src/utils/ProdutoUtils.ts","statementMap":{"0":{"start":{"line":4,"column":46},"end":{"line":12,"column":1}},"1":{"start":{"line":14,"column":46},"end":{"line":20,"column":1}},"2":{"start":{"line":22,"column":43},"end":{"line":25,"column":1}},"3":{"start":{"line":31,"column":4},"end":{"line":37,"column":5}},"4":{"start":{"line":36,"column":8},"end":{"line":36,"column":37}},"5":{"start":{"line":39,"column":4},"end":{"line":39,"column":40}},"6":{"start":{"line":46,"column":4},"end":{"line":86,"column":5}},"7":{"start":{"line":49,"column":12},"end":{"line":49,"column":25}},"8":{"start":{"line":52,"column":12},"end":{"line":52,"column":33}},"9":{"start":{"line":55,"column":12},"end":{"line":55,"column":31}},"10":{"start":{"line":58,"column":12},"end":{"line":58,"column":25}},"11":{"start":{"line":61,"column":12},"end":{"line":61,"column":28}},"12":{"start":{"line":64,"column":12},"end":{"line":64,"column":29}},"13":{"start":{"line":67,"column":12},"end":{"line":67,"column":28}},"14":{"start":{"line":70,"column":12},"end":{"line":70,"column":27}},"15":{"start":{"line":73,"column":12},"end":{"line":73,"column":37}},"16":{"start":{"line":76,"column":12},"end":{"line":76,"column":46}},"17":{"start":{"line":79,"column":12},"end":{"line":79,"column":47}},"18":{"start":{"line":82,"column":12},"end":{"line":82,"column":26}},"19":{"start":{"line":85,"column":12},"end":{"line":85,"column":37}}},"fnMap":{"0":{"name":"grupoDoProduto","decl":{"start":{"line":27,"column":16},"end":{"line":27,"column":30}},"loc":{"start":{"line":29,"column":16},"end":{"line":40,"column":1}},"line":29},"1":{"name":"nomeProduto","decl":{"start":{"line":42,"column":16},"end":{"line":42,"column":27}},"loc":{"start":{"line":44,"column":10},"end":{"line":87,"column":1}},"line":44}},"branchMap":{"0":{"loc":{"start":{"line":31,"column":4},"end":{"line":37,"column":5}},"type":"if","locations":[{"start":{"line":31,"column":4},"end":{"line":37,"column":5}},{"start":{},"end":{}}],"line":31},"1":{"loc":{"start":{"line":46,"column":4},"end":{"line":86,"column":5}},"type":"switch","locations":[{"start":{"line":48,"column":8},"end":{"line":49,"column":25}},{"start":{"line":51,"column":8},"end":{"line":52,"column":33}},{"start":{"line":54,"column":8},"end":{"line":55,"column":31}},{"start":{"line":57,"column":8},"end":{"line":58,"column":25}},{"start":{"line":60,"column":8},"end":{"line":61,"column":28}},{"start":{"line":63,"column":8},"end":{"line":64,"column":29}},{"start":{"line":66,"column":8},"end":{"line":67,"column":28}},{"start":{"line":69,"column":8},"end":{"line":70,"column":27}},{"start":{"line":72,"column":8},"end":{"line":73,"column":37}},{"start":{"line":75,"column":8},"end":{"line":76,"column":46}},{"start":{"line":78,"column":8},"end":{"line":79,"column":47}},{"start":{"line":81,"column":8},"end":{"line":82,"column":26}},{"start":{"line":84,"column":8},"end":{"line":85,"column":37}}],"line":46}},"s":{"0":4,"1":4,"2":4,"3":12,"4":7,"5":5,"6":4,"7":1,"8":0,"9":0,"10":0,"11":0,"12":0,"13":0,"14":1,"15":1,"16":0,"17":0,"18":1,"19":0},"f":{"0":12,"1":4},"b":{"0":[7,5],"1":[1,0,0,0,0,0,0,1,1,0,0,1,0]},"_coverageSchema":"1a1c01bbd47fc00a2c39e90264f33305004495a9","hash":"d28ceba43886c7a73bfd9bc53fa6e635442fa55f"}
}
