TN:
SF:src/models/DestinoReserva.ts
FNF:0
FNH:0
LF:0
LH:0
BRF:0
BRH:0
end_of_record
TN:
SF:src/models/GrupoProduto.ts
FNF:0
FNH:0
LF:0
LH:0
BRF:0
BRH:0
end_of_record
TN:
SF:src/models/Local.ts
FNF:0
FNH:0
LF:0
LH:0
BRF:0
BRH:0
end_of_record
TN:
SF:src/models/Maquina.ts
FNF:0
FNH:0
LF:0
LH:0
BRF:0
BRH:0
end_of_record
TN:
SF:src/models/Movimentacao.ts
FNF:0
FNH:0
LF:0
LH:0
BRF:0
BRH:0
end_of_record
TN:
SF:src/models/MovimentoEstoquePrincipal.ts
FNF:0
FNH:0
LF:0
LH:0
BRF:0
BRH:0
end_of_record
TN:
SF:src/models/Produto.ts
FNF:0
FNH:0
LF:0
LH:0
BRF:0
BRH:0
end_of_record
TN:
SF:src/models/Reserva.ts
FNF:0
FNH:0
LF:0
LH:0
BRF:0
BRH:0
end_of_record
TN:
SF:src/models/Usuario.ts
FNF:0
FNH:0
LF:0
LH:0
BRF:0
BRH:0
end_of_record
TN:
SF:src/services/AbastecimentoService.ts
FN:12,(anonymous_0)
FN:227,(anonymous_1)
FN:233,(anonymous_2)
FN:240,(anonymous_3)
FNF:4
FNH:2
FNDA:11,(anonymous_0)
FNDA:0,(anonymous_1)
FNDA:0,(anonymous_2)
FNDA:13,(anonymous_3)
DA:19,11
DA:22,0
DA:27,11
DA:31,0
DA:36,11
DA:40,0
DA:46,11
DA:49,11
DA:54,11
DA:59,14
DA:62,0
DA:68,14
DA:72,14
DA:73,0
DA:78,14
DA:82,1
DA:88,13
DA:92,13
DA:93,0
DA:98,13
DA:104,1
DA:110,12
DA:112,12
DA:117,1
DA:122,11
DA:127,11
DA:131,11
DA:139,8
DA:144,8
DA:153,10
DA:160,10
DA:168,10
DA:177,10
DA:184,10
DA:187,10
DA:192,3
DA:198,5
DA:206,7
DA:212,7
DA:222,5
DA:231,0
DA:234,0
DA:244,13
DA:247,10
DA:250,0
DA:253,2
DA:256,1
DA:259,0
DA:262,0
DA:265,0
DA:268,0
LF:51
LH:38
BRDA:19,0,0,0
BRDA:19,0,1,11
BRDA:27,1,0,0
BRDA:27,1,1,11
BRDA:36,2,0,0
BRDA:36,2,1,11
BRDA:59,3,0,0
BRDA:59,3,1,14
BRDA:72,4,0,0
BRDA:72,4,1,14
BRDA:78,5,0,1
BRDA:78,5,1,13
BRDA:92,6,0,0
BRDA:92,6,1,13
BRDA:98,7,0,1
BRDA:98,7,1,12
BRDA:112,8,0,1
BRDA:112,8,1,11
BRDA:127,9,0,11
BRDA:127,9,1,11
BRDA:187,10,0,3
BRDA:187,10,1,7
BRDA:244,11,0,10
BRDA:244,11,1,0
BRDA:244,11,2,2
BRDA:244,11,3,1
BRDA:244,11,4,0
BRDA:244,11,5,0
BRDA:244,11,6,0
BRDA:244,11,7,0
BRF:30
BRH:19
end_of_record
TN:
SF:src/services/ConsumoCarrinhoService.ts
FN:17,(anonymous_0)
FN:107,(anonymous_1)
FNF:2
FNH:2
FNDA:7,(anonymous_0)
FNDA:6,(anonymous_1)
DA:23,7
DA:26,0
DA:31,7
DA:35,0
DA:40,7
DA:43,0
DA:49,7
DA:51,7
DA:56,11
DA:61,1
DA:66,10
DA:71,0
DA:76,10
DA:80,10
DA:83,1
DA:89,9
DA:95,9
DA:99,2
DA:106,3
DA:110,6
DA:116,6
DA:132,3
DA:137,6
DA:144,3
LF:24
LH:20
BRDA:23,0,0,0
BRDA:23,0,1,7
BRDA:31,1,0,0
BRDA:31,1,1,7
BRDA:40,2,0,0
BRDA:40,2,1,7
BRDA:56,3,0,1
BRDA:56,3,1,10
BRDA:66,4,0,0
BRDA:66,4,1,10
BRDA:80,5,0,1
BRDA:80,5,1,9
BRDA:95,6,0,2
BRDA:95,6,1,7
BRF:14
BRH:10
end_of_record
TN:
SF:src/services/DevolucaoEstoqueService.ts
FN:11,(anonymous_0)
FN:201,(anonymous_1)
FN:244,(anonymous_2)
FN:249,(anonymous_3)
FN:253,(anonymous_4)
FNF:5
FNH:2
FNDA:6,(anonymous_0)
FNDA:3,(anonymous_1)
FNDA:0,(anonymous_2)
FNDA:0,(anonymous_3)
FNDA:0,(anonymous_4)
DA:19,6
DA:22,0
DA:27,6
DA:31,0
DA:36,6
DA:40,0
DA:45,6
DA:49,0
DA:54,6
DA:58,0
DA:64,6
DA:66,6
DA:71,7
DA:76,0
DA:81,7
DA:85,7
DA:88,0
DA:94,7
DA:101,7
DA:105,2
DA:111,5
DA:114,5
DA:116,5
DA:121,4
DA:124,0
DA:129,4
DA:134,0
DA:139,4
DA:144,4
DA:152,4
DA:156,1
DA:161,3
DA:166,4
DA:169,4
DA:172,1
DA:178,3
DA:184,3
DA:188,0
DA:194,2
DA:200,2
DA:202,3
DA:208,2
DA:211,2
DA:217,2
DA:223,2
DA:228,3
DA:239,2
DA:248,0
DA:252,0
DA:257,0
DA:262,0
LF:51
LH:37
BRDA:19,0,0,0
BRDA:19,0,1,6
BRDA:27,1,0,0
BRDA:27,1,1,6
BRDA:36,2,0,0
BRDA:36,2,1,6
BRDA:45,3,0,0
BRDA:45,3,1,6
BRDA:54,4,0,0
BRDA:54,4,1,6
BRDA:71,5,0,0
BRDA:71,5,1,7
BRDA:85,6,0,0
BRDA:85,6,1,7
BRDA:101,7,0,2
BRDA:101,7,1,5
BRDA:121,8,0,0
BRDA:121,8,1,4
BRDA:129,9,0,0
BRDA:129,9,1,4
BRDA:152,10,0,1
BRDA:152,10,1,3
BRDA:169,11,0,1
BRDA:169,11,1,3
BRDA:184,12,0,0
BRDA:184,12,1,3
BRF:26
BRH:16
end_of_record
TN:
SF:src/services/EstoqueService.ts
FN:11,(anonymous_0)
FN:17,(anonymous_1)
FN:24,(anonymous_2)
FN:37,(anonymous_3)
FN:54,(anonymous_4)
FN:67,(anonymous_5)
FN:86,(anonymous_6)
FNF:7
FNH:6
FNDA:123,(anonymous_0)
FNDA:196,(anonymous_1)
FNDA:19,(anonymous_2)
FNDA:26,(anonymous_3)
FNDA:28,(anonymous_4)
FNDA:50,(anonymous_5)
FNDA:0,(anonymous_6)
DA:16,123
DA:18,196
DA:21,123
DA:30,19
DA:31,0
DA:36,19
DA:38,26
DA:41,19
DA:42,9
DA:43,9
DA:46,10
DA:51,10
DA:60,28
DA:61,0
DA:66,28
DA:68,50
DA:71,28
DA:72,0
DA:77,28
DA:78,1
DA:83,27
DA:94,0
DA:95,0
DA:100,0
DA:106,0
DA:112,0
DA:129,0
LF:27
LH:18
BRDA:21,0,0,123
BRDA:21,0,1,4
BRDA:30,1,0,0
BRDA:30,1,1,19
BRDA:41,2,0,9
BRDA:41,2,1,10
BRDA:60,3,0,0
BRDA:60,3,1,28
BRDA:71,4,0,0
BRDA:71,4,1,28
BRDA:77,5,0,1
BRDA:77,5,1,27
BRDA:94,6,0,0
BRDA:94,6,1,0
BRF:14
BRH:9
end_of_record
TN:
SF:src/services/MaquinaService.ts
FN:253,(anonymous_0)
FN:258,(anonymous_1)
FN:263,(anonymous_2)
FN:268,(anonymous_3)
FN:273,(anonymous_4)
FN:283,(anonymous_5)
FNF:6
FNH:5
FNDA:15,(anonymous_0)
FNDA:237,(anonymous_1)
FNDA:19,(anonymous_2)
FNDA:361,(anonymous_3)
FNDA:18,(anonymous_4)
FNDA:0,(anonymous_5)
DA:14,4
DA:257,15
DA:259,237
DA:267,19
DA:269,361
DA:278,18
DA:289,0
DA:293,0
DA:294,0
DA:297,0
LF:10
LH:6
BRDA:293,0,0,0
BRDA:293,0,1,0
BRF:2
BRH:0
end_of_record
TN:
SF:src/services/MovimentoEstoquePrincipalService.ts
FN:15,(anonymous_0)
FN:84,(anonymous_1)
FNF:2
FNH:2
FNDA:7,(anonymous_0)
FNDA:8,(anonymous_1)
DA:21,7
DA:24,0
DA:30,7
DA:32,7
DA:37,13
DA:40,1
DA:45,12
DA:50,0
DA:55,12
DA:59,12
DA:65,6
DA:71,6
DA:75,3
DA:83,3
DA:87,8
DA:94,8
DA:101,8
DA:115,3
DA:120,8
DA:125,6
DA:133,2
DA:141,3
LF:22
LH:20
BRDA:21,0,0,0
BRDA:21,0,1,7
BRDA:37,1,0,1
BRDA:37,1,1,12
BRDA:45,2,0,0
BRDA:45,2,1,12
BRDA:59,3,0,6
BRDA:59,3,1,6
BRDA:71,4,0,3
BRDA:71,4,1,3
BRDA:94,5,0,6
BRDA:94,5,1,2
BRDA:120,6,0,6
BRDA:120,6,1,2
BRF:14
BRH:12
end_of_record
TN:
SF:src/services/ReservaService.ts
FN:16,(anonymous_0)
FN:26,(anonymous_1)
FN:56,(anonymous_2)
FN:185,(anonymous_3)
FN:193,(anonymous_4)
FN:247,(anonymous_5)
FN:261,(anonymous_6)
FN:269,(anonymous_7)
FN:278,(anonymous_8)
FN:287,(anonymous_9)
FN:296,(anonymous_10)
FN:307,(anonymous_11)
FN:316,(anonymous_12)
FN:328,(anonymous_13)
FN:347,(anonymous_14)
FN:363,(anonymous_15)
FN:439,(anonymous_16)
FN:461,(anonymous_17)
FN:533,(anonymous_18)
FN:565,(anonymous_19)
FN:596,(anonymous_20)
FN:641,(anonymous_21)
FNF:22
FNH:22
FNDA:119,(anonymous_0)
FNDA:30,(anonymous_1)
FNDA:24,(anonymous_2)
FNDA:1,(anonymous_3)
FNDA:1,(anonymous_4)
FNDA:92,(anonymous_5)
FNDA:47,(anonymous_6)
FNDA:56,(anonymous_7)
FNDA:39,(anonymous_8)
FNDA:27,(anonymous_9)
FNDA:55,(anonymous_10)
FNDA:26,(anonymous_11)
FNDA:35,(anonymous_12)
FNDA:39,(anonymous_13)
FNDA:8,(anonymous_14)
FNDA:18,(anonymous_15)
FNDA:3,(anonymous_16)
FNDA:7,(anonymous_17)
FNDA:8,(anonymous_18)
FNDA:23,(anonymous_19)
FNDA:21,(anonymous_20)
FNDA:23,(anonymous_21)
DA:20,119
DA:33,30
DA:36,0
DA:39,30
DA:62,24
DA:64,0
DA:69,24
DA:74,0
DA:79,24
DA:83,1
DA:88,23
DA:93,0
DA:98,23
DA:104,0
DA:109,23
DA:114,0
DA:119,23
DA:126,2
DA:132,21
DA:136,21
DA:142,3
DA:148,18
DA:154,18
DA:159,1
DA:164,17
DA:167,17
DA:170,17
DA:173,17
DA:180,17
DA:192,1
DA:194,1
DA:198,1
DA:200,0
DA:205,1
DA:210,0
DA:215,1
DA:220,0
DA:226,1
DA:230,1
DA:236,1
DA:243,1
DA:251,92
DA:267,47
DA:270,56
DA:279,39
DA:294,27
DA:297,55
DA:308,26
DA:322,35
DA:323,0
DA:327,35
DA:329,39
DA:334,35
DA:340,35
DA:356,8
DA:359,8
DA:362,8
DA:364,18
DA:374,8
DA:379,8
DA:382,0
DA:386,8
DA:391,8
DA:396,8
DA:399,0
DA:402,8
DA:405,8
DA:408,8
DA:411,8
DA:418,8
DA:424,1
DA:427,1
DA:436,8
DA:447,3
DA:450,0
DA:454,3
DA:457,3
DA:460,3
DA:462,7
DA:472,3
DA:477,3
DA:480,0
DA:484,3
DA:489,3
DA:494,3
DA:497,0
DA:500,3
DA:506,3
DA:509,3
DA:512,3
DA:519,3
DA:525,0
DA:530,3
DA:537,8
DA:540,1
DA:543,0
DA:546,0
DA:555,7
DA:559,0
DA:569,23
DA:574,22
DA:581,1
DA:586,1
DA:593,0
DA:600,21
DA:604,5
DA:613,0
DA:624,15
DA:631,1
DA:637,0
DA:646,23
LF:111
LH:89
BRDA:21,0,0,119
BRDA:21,0,1,0
BRDA:33,1,0,0
BRDA:33,1,1,30
BRDA:62,2,0,0
BRDA:62,2,1,24
BRDA:69,3,0,0
BRDA:69,3,1,24
BRDA:79,4,0,1
BRDA:79,4,1,23
BRDA:88,5,0,0
BRDA:88,5,1,23
BRDA:98,6,0,0
BRDA:98,6,1,23
BRDA:109,7,0,0
BRDA:109,7,1,23
BRDA:119,8,0,2
BRDA:119,8,1,21
BRDA:136,9,0,3
BRDA:136,9,1,18
BRDA:154,10,0,1
BRDA:154,10,1,17
BRDA:198,11,0,0
BRDA:198,11,1,1
BRDA:205,12,0,0
BRDA:205,12,1,1
BRDA:215,13,0,0
BRDA:215,13,1,1
BRDA:270,14,0,56
BRDA:270,14,1,56
BRDA:270,14,2,40
BRDA:297,15,0,55
BRDA:297,15,1,55
BRDA:297,15,2,43
BRDA:297,15,3,26
BRDA:322,16,0,0
BRDA:322,16,1,35
BRDA:327,17,0,35
BRDA:327,17,1,0
BRDA:364,18,0,18
BRDA:364,18,1,18
BRDA:364,18,2,12
BRDA:364,18,3,8
BRDA:379,19,0,0
BRDA:379,19,1,8
BRDA:396,20,0,0
BRDA:396,20,1,8
BRDA:418,21,0,1
BRDA:418,21,1,7
BRDA:447,22,0,0
BRDA:447,22,1,3
BRDA:462,23,0,7
BRDA:462,23,1,7
BRDA:462,23,2,4
BRDA:462,23,3,3
BRDA:477,24,0,0
BRDA:477,24,1,3
BRDA:494,25,0,0
BRDA:494,25,1,3
BRDA:519,26,0,0
BRDA:519,26,1,3
BRDA:537,27,0,1
BRDA:537,27,1,0
BRDA:537,27,2,0
BRDA:537,27,3,0
BRDA:537,27,4,0
BRDA:537,27,5,0
BRDA:537,27,6,0
BRDA:537,27,7,2
BRDA:537,27,8,7
BRDA:537,27,9,0
BRDA:569,28,0,22
BRDA:569,28,1,1
BRDA:581,29,0,1
BRDA:581,29,1,0
BRDA:600,30,0,5
BRDA:600,30,1,0
BRDA:600,30,2,15
BRDA:600,30,3,1
BRDA:600,30,4,0
BRF:80
BRH:52
end_of_record
TN:
SF:src/services/RetiradaEstoqueService.ts
FN:9,(anonymous_0)
FN:118,(anonymous_1)
FN:123,(anonymous_2)
FNF:3
FNH:1
FNDA:4,(anonymous_0)
FNDA:0,(anonymous_1)
FNDA:0,(anonymous_2)
DA:16,4
DA:17,0
DA:22,4
DA:26,0
DA:31,4
DA:35,0
DA:40,4
DA:44,0
DA:49,4
DA:50,0
DA:56,4
DA:59,4
DA:61,11
DA:62,0
DA:67,11
DA:72,0
DA:77,11
DA:82,11
DA:87,11
DA:91,1
DA:98,3
DA:100,9
DA:106,9
DA:113,3
DA:122,0
DA:124,0
LF:26
LH:17
BRDA:16,0,0,0
BRDA:16,0,1,4
BRDA:22,1,0,0
BRDA:22,1,1,4
BRDA:31,2,0,0
BRDA:31,2,1,4
BRDA:40,3,0,0
BRDA:40,3,1,4
BRDA:49,4,0,0
BRDA:49,4,1,4
BRDA:61,5,0,0
BRDA:61,5,1,11
BRDA:67,6,0,0
BRDA:67,6,1,11
BRDA:87,7,0,1
BRDA:87,7,1,10
BRF:16
BRH:9
end_of_record
TN:
SF:src/utils/ProdutoUtils.ts
FN:27,grupoDoProduto
FN:42,nomeProduto
FNF:2
FNH:2
FNDA:12,grupoDoProduto
FNDA:4,nomeProduto
DA:4,4
DA:14,4
DA:22,4
DA:31,12
DA:36,7
DA:39,5
DA:46,4
DA:49,1
DA:52,0
DA:55,0
DA:58,0
DA:61,0
DA:64,0
DA:67,0
DA:70,1
DA:73,1
DA:76,0
DA:79,0
DA:82,1
DA:85,0
LF:20
LH:11
BRDA:31,0,0,7
BRDA:31,0,1,5
BRDA:46,1,0,1
BRDA:46,1,1,0
BRDA:46,1,2,0
BRDA:46,1,3,0
BRDA:46,1,4,0
BRDA:46,1,5,0
BRDA:46,1,6,0
BRDA:46,1,7,1
BRDA:46,1,8,1
BRDA:46,1,9,0
BRDA:46,1,10,0
BRDA:46,1,11,1
BRDA:46,1,12,0
BRF:15
BRH:6
end_of_record
